Using pre-set license
Built from '2021.3/staging' branch; Version is '2021.3.2f1 (d6360bedb9a0) revision 14038539'; Using compiler version '192829333'; Build Type 'Release'
OS: 'Windows 10  (10.0.19043) 64bit Core' Language: 'zh' Physical Memory: 16339 MB
BatchMode: 1, IsHumanControllingUs: 0, StartBugReporterOnCrash: 0, Is64bit: 1, IsPro: 1

COMMAND LINE ARGUMENTS:
C:\Program Files\Unity\Hub\Editor\2021.3.2f1\Editor\Unity.exe
-adb2
-batchMode
-noUpm
-name
AssetImportWorker1
-projectPath
D:/unity_workspace/Final_Project
-logFile
Logs/AssetImportWorker1.log
-srvPort
60858
Successfully changed project path to: D:/unity_workspace/Final_Project
D:/unity_workspace/Final_Project
[UnityMemory] Configuration Parameters - Can be set up in boot.config
    "memorysetup-bucket-allocator-granularity=16"
    "memorysetup-bucket-allocator-bucket-count=8"
    "memorysetup-bucket-allocator-block-size=33554432"
    "memorysetup-bucket-allocator-block-count=8"
    "memorysetup-main-allocator-block-size=16777216"
    "memorysetup-thread-allocator-block-size=16777216"
    "memorysetup-gfx-main-allocator-block-size=16777216"
    "memorysetup-gfx-thread-allocator-block-size=16777216"
    "memorysetup-cache-allocator-block-size=4194304"
    "memorysetup-typetree-allocator-block-size=2097152"
    "memorysetup-profiler-bucket-allocator-granularity=16"
    "memorysetup-profiler-bucket-allocator-bucket-count=8"
    "memorysetup-profiler-bucket-allocator-block-size=33554432"
    "memorysetup-profiler-bucket-allocator-block-count=8"
    "memorysetup-profiler-allocator-block-size=16777216"
    "memorysetup-profiler-editor-allocator-block-size=1048576"
    "memorysetup-temp-allocator-size-main=16777216"
    "memorysetup-job-temp-allocator-block-size=2097152"
    "memorysetup-job-temp-allocator-block-size-background=1048576"
    "memorysetup-job-temp-allocator-reduction-small-platforms=262144"
    "memorysetup-temp-allocator-size-background-worker=32768"
    "memorysetup-temp-allocator-size-job-worker=262144"
    "memorysetup-temp-allocator-size-preload-manager=33554432"
    "memorysetup-temp-allocator-size-nav-mesh-worker=65536"
    "memorysetup-temp-allocator-size-audio-worker=65536"
    "memorysetup-temp-allocator-size-cloud-worker=32768"
    "memorysetup-temp-allocator-size-gi-baking-worker=262144"
    "memorysetup-temp-allocator-size-gfx=262144"
Refreshing native plugins compatible for Editor in 37.62 ms, found 2 plugins.
Preloading 0 native plugins for Editor in 0.00 ms.
Initialize engine version: 2021.3.2f1 (d6360bedb9a0)
[Subsystems] Discovering subsystems at path C:/Program Files/Unity/Hub/Editor/2021.3.2f1/Editor/Data/Resources/UnitySubsystems
[Subsystems] Discovering subsystems at path D:/unity_workspace/Final_Project/Assets
GfxDevice: creating device client; threaded=0; jobified=0
Direct3D:
    Version:  Direct3D 11.0 [level 11.1]
    Renderer: NVIDIA GeForce GTX 1060 (ID=0x1c20)
    Vendor:   NVIDIA
    VRAM:     6052 MB
    Driver:   27.21.14.5167
Initialize mono
Mono path[0] = 'C:/Program Files/Unity/Hub/Editor/2021.3.2f1/Editor/Data/Managed'
Mono path[1] = 'C:/Program Files/Unity/Hub/Editor/2021.3.2f1/Editor/Data/MonoBleedingEdge/lib/mono/unityjit-win32'
Mono config path = 'C:/Program Files/Unity/Hub/Editor/2021.3.2f1/Editor/Data/MonoBleedingEdge/etc'
Using monoOptions --debugger-agent=transport=dt_socket,embedding=1,server=y,suspend=n,address=127.0.0.1:56588
Begin MonoManager ReloadAssembly
Registering precompiled unity dll's ...
Register platform support module: C:/Program Files/Unity/Hub/Editor/2021.3.2f1/Editor/Data/PlaybackEngines/WindowsStandaloneSupport/UnityEditor.WindowsStandalone.Extensions.dll
Registered in 0.011526 seconds.
Native extension for WindowsStandalone target not found
Refreshing native plugins compatible for Editor in 34.33 ms, found 2 plugins.
Preloading 0 native plugins for Editor in 0.00 ms.
Mono: successfully reloaded assembly
- Completed reload, in  0.818 seconds
Domain Reload Profiling:
	ReloadAssembly (818ms)
		BeginReloadAssembly (105ms)
			ExecutionOrderSort (0ms)
			DisableScriptedObjects (0ms)
			BackupInstance (0ms)
			ReleaseScriptingObjects (0ms)
			CreateAndSetChildDomain (1ms)
		EndReloadAssembly (537ms)
			LoadAssemblies (101ms)
			RebuildTransferFunctionScriptingTraits (0ms)
			SetupTypeCache (153ms)
			ReleaseScriptCaches (0ms)
			RebuildScriptCaches (41ms)
			SetupLoadedEditorAssemblies (264ms)
				LogAssemblyErrors (0ms)
				InitializePlatformSupportModulesInManaged (11ms)
				SetLoadedEditorAssemblies (0ms)
				RefreshPlugins (34ms)
				BeforeProcessingInitializeOnLoad (1ms)
				ProcessInitializeOnLoadAttributes (160ms)
				ProcessInitializeOnLoadMethodAttributes (57ms)
				AfterProcessingInitializeOnLoad (0ms)
				EditorAssembliesLoaded (0ms)
			ExecutionOrderSort2 (0ms)
			AwakeInstancesAfterBackupRestoration (0ms)
Platform modules already initialized, skipping
Registering precompiled user dll's ...
Registered in 0.003067 seconds.
Begin MonoManager ReloadAssembly
Native extension for WindowsStandalone target not found
Refreshing native plugins compatible for Editor in 0.40 ms, found 2 plugins.
Preloading 0 native plugins for Editor in 0.00 ms.
Mono: successfully reloaded assembly
- Completed reload, in  1.130 seconds
Domain Reload Profiling:
	ReloadAssembly (1131ms)
		BeginReloadAssembly (151ms)
			ExecutionOrderSort (0ms)
			DisableScriptedObjects (7ms)
			BackupInstance (0ms)
			ReleaseScriptingObjects (0ms)
			CreateAndSetChildDomain (23ms)
		EndReloadAssembly (822ms)
			LoadAssemblies (97ms)
			RebuildTransferFunctionScriptingTraits (0ms)
			SetupTypeCache (240ms)
			ReleaseScriptCaches (0ms)
			RebuildScriptCaches (60ms)
			SetupLoadedEditorAssemblies (389ms)
				LogAssemblyErrors (0ms)
				InitializePlatformSupportModulesInManaged (7ms)
				SetLoadedEditorAssemblies (1ms)
				RefreshPlugins (0ms)
				BeforeProcessingInitializeOnLoad (70ms)
				ProcessInitializeOnLoadAttributes (256ms)
				ProcessInitializeOnLoadMethodAttributes (40ms)
				AfterProcessingInitializeOnLoad (14ms)
				EditorAssembliesLoaded (0ms)
			ExecutionOrderSort2 (0ms)
			AwakeInstancesAfterBackupRestoration (8ms)
Platform modules already initialized, skipping
========================================================================
Worker process is ready to serve import requests
Launched and connected shader compiler UnityShaderCompiler.exe after 0.09 seconds
Refreshing native plugins compatible for Editor in 0.53 ms, found 2 plugins.
Preloading 0 native plugins for Editor in 0.00 ms.
Unloading 1719 Unused Serialized files (Serialized files now loaded: 0)
Unloading 18 unused Assets / (21.9 KB). Loaded Objects now: 2207.
Memory consumption went from 94.3 MB to 94.2 MB.
Total: 3.415500 ms (FindLiveObjects: 0.194400 ms CreateObjectMapping: 0.094600 ms MarkObjects: 3.100100 ms  DeleteObjects: 0.025000 ms)

AssetImportParameters requested are different than current active one (requested -> active):
  custom:video-decoder-ogg-theora: a1e56fd34408186e4bbccfd4996cb3dc -> 
  custom:container-muxer-webm: aa71ff27fc2769a1b78a27578f13a17b -> 
  custom:container-demuxer-webm: 4f35f7cbe854078d1ac9338744f61a02 -> 
  custom:video-encoder-webm-vp8: eb34c28f22e8b96e1ab97ce403110664 -> 
  custom:audio-encoder-webm-vorbis: bf7c407c2cedff20999df2af8eb42d56 -> 
  custom:framework-win-MediaFoundation: 216162199b28c13a410421893ffa2e32 -> 
  custom:container-demuxer-ogg: 62fdf1f143b41e24485cea50d1cbac27 -> 
  custom:video-decoder-webm-vp8: 9c59270c3fd7afecdb556c50c9e8de78 -> 
  custom:audio-decoder-ogg-vorbis: bf7c407c2cedff20999df2af8eb42d56 -> 
========================================================================
Received Prepare
Registering precompiled user dll's ...
Registered in 0.004513 seconds.
Begin MonoManager ReloadAssembly
Native extension for WindowsStandalone target not found
Refreshing native plugins compatible for Editor in 0.45 ms, found 2 plugins.
Preloading 0 native plugins for Editor in 0.00 ms.
Mono: successfully reloaded assembly
- Completed reload, in  1.794 seconds
Domain Reload Profiling:
	ReloadAssembly (1795ms)
		BeginReloadAssembly (565ms)
			ExecutionOrderSort (0ms)
			DisableScriptedObjects (25ms)
			BackupInstance (0ms)
			ReleaseScriptingObjects (0ms)
			CreateAndSetChildDomain (169ms)
		EndReloadAssembly (943ms)
			LoadAssemblies (243ms)
			RebuildTransferFunctionScriptingTraits (0ms)
			SetupTypeCache (294ms)
			ReleaseScriptCaches (1ms)
			RebuildScriptCaches (62ms)
			SetupLoadedEditorAssemblies (413ms)
				LogAssemblyErrors (0ms)
				InitializePlatformSupportModulesInManaged (20ms)
				SetLoadedEditorAssemblies (1ms)
				RefreshPlugins (1ms)
				BeforeProcessingInitializeOnLoad (75ms)
				ProcessInitializeOnLoadAttributes (264ms)
				ProcessInitializeOnLoadMethodAttributes (39ms)
				AfterProcessingInitializeOnLoad (14ms)
				EditorAssembliesLoaded (0ms)
			ExecutionOrderSort2 (0ms)
			AwakeInstancesAfterBackupRestoration (9ms)
Platform modules already initialized, skipping
Refreshing native plugins compatible for Editor in 3.10 ms, found 2 plugins.
Preloading 0 native plugins for Editor in 0.00 ms.
Unloading 1816 Unused Serialized files (Serialized files now loaded: 0)
Unloading 124 unused Assets / (20.7 MB). Loaded Objects now: 2214.
Memory consumption went from 126.3 MB to 105.6 MB.
Total: 1686.713200 ms (FindLiveObjects: 161.092500 ms CreateObjectMapping: 0.251300 ms MarkObjects: 1237.951000 ms  DeleteObjects: 287.416100 ms)

AssetImportParameters requested are different than current active one (requested -> active):
  custom:video-decoder-ogg-theora: a1e56fd34408186e4bbccfd4996cb3dc -> 
  custom:container-muxer-webm: aa71ff27fc2769a1b78a27578f13a17b -> 
  custom:container-demuxer-webm: 4f35f7cbe854078d1ac9338744f61a02 -> 
  custom:video-encoder-webm-vp8: eb34c28f22e8b96e1ab97ce403110664 -> 
  custom:audio-encoder-webm-vorbis: bf7c407c2cedff20999df2af8eb42d56 -> 
  custom:framework-win-MediaFoundation: 216162199b28c13a410421893ffa2e32 -> 
  custom:container-demuxer-ogg: 62fdf1f143b41e24485cea50d1cbac27 -> 
  custom:video-decoder-webm-vp8: 9c59270c3fd7afecdb556c50c9e8de78 -> 
  custom:audio-decoder-ogg-vorbis: bf7c407c2cedff20999df2af8eb42d56 -> 
========================================================================
Received Import Request.
  Time since last request: 357265.784202 seconds.
  path: Assets/SD Unity-Chan Haon Custom/Models/Parts/Accessory_01.fbx
  artifactKey: Guid(dc94cc429b47dd84e8a527376d6e05d1) Importer(815301076,1909f56bfc062723c751e8b465ee728b)
Start importing Assets/SD Unity-Chan Haon Custom/Models/Parts/Accessory_01.fbx using Guid(dc94cc429b47dd84e8a527376d6e05d1) Importer(815301076,1909f56bfc062723c751e8b465ee728b)  -> (artifact id: 'fe0197b53eda57a849b78b7047d58fc9') in 0.692785 seconds 
========================================================================
Received Import Request.
  Time since last request: 0.000032 seconds.
  path: Assets/SD Unity-Chan Haon Custom/Models/Parts/Face_02.fbx
  artifactKey: Guid(8f615bae3b4fc944cae59f91b568747f) Importer(815301076,1909f56bfc062723c751e8b465ee728b)
Start importing Assets/SD Unity-Chan Haon Custom/Models/Parts/Face_02.fbx using Guid(8f615bae3b4fc944cae59f91b568747f) Importer(815301076,1909f56bfc062723c751e8b465ee728b)  -> (artifact id: '33d0c32de11e2dfa1262c8e36502d753') in 0.042936 seconds 
========================================================================
Received Import Request.
  Time since last request: 0.000035 seconds.
  path: Assets/SD Unity-Chan Haon Custom/Models/Parts/Face_01.fbx
  artifactKey: Guid(19b3520048fec7345982be6761526df3) Importer(815301076,1909f56bfc062723c751e8b465ee728b)
Start importing Assets/SD Unity-Chan Haon Custom/Models/Parts/Face_01.fbx using Guid(19b3520048fec7345982be6761526df3) Importer(815301076,1909f56bfc062723c751e8b465ee728b)  -> (artifact id: 'c2968912631562207db335bbfacb357f') in 0.032184 seconds 
========================================================================
Received Import Request.
  Time since last request: 0.000024 seconds.
  path: Assets/SD Unity-Chan Haon Custom/Models/Parts/Costume_01.fbx
  artifactKey: Guid(193a954f66f3cf943bceaccec7ce331e) Importer(815301076,1909f56bfc062723c751e8b465ee728b)
Start importing Assets/SD Unity-Chan Haon Custom/Models/Parts/Costume_01.fbx using Guid(193a954f66f3cf943bceaccec7ce331e) Importer(815301076,1909f56bfc062723c751e8b465ee728b)  -> (artifact id: '7b3808eaa51c558322d16a763431bce4') in 0.072206 seconds 
========================================================================
Received Import Request.
  Time since last request: 0.000027 seconds.
  path: Assets/SD Unity-Chan Haon Custom/Models/Parts/Hair_00_Front.fbx
  artifactKey: Guid(ba08044b46b9d274191503b96449b16e) Importer(815301076,1909f56bfc062723c751e8b465ee728b)
Start importing Assets/SD Unity-Chan Haon Custom/Models/Parts/Hair_00_Front.fbx using Guid(ba08044b46b9d274191503b96449b16e) Importer(815301076,1909f56bfc062723c751e8b465ee728b)  -> (artifact id: 'ccaf8d87fc108af346d634c5274c7c9c') in 0.043431 seconds 
========================================================================
Received Import Request.
  Time since last request: 0.000022 seconds.
  path: Assets/SD Unity-Chan Haon Custom/Models/Parts/Accessory_02.fbx
  artifactKey: Guid(61aec2bbd941a4c45831b3509a290539) Importer(815301076,1909f56bfc062723c751e8b465ee728b)
Start importing Assets/SD Unity-Chan Haon Custom/Models/Parts/Accessory_02.fbx using Guid(61aec2bbd941a4c45831b3509a290539) Importer(815301076,1909f56bfc062723c751e8b465ee728b)  -> (artifact id: 'c08670e857fd2354058a278be9684cd9') in 0.035906 seconds 
========================================================================
Received Import Request.
  Time since last request: 0.000024 seconds.
  path: Assets/SD Unity-Chan Haon Custom/Models/Parts/Eye_00_R.fbx
  artifactKey: Guid(1916394ce5d6072439e502357a407567) Importer(815301076,1909f56bfc062723c751e8b465ee728b)
Start importing Assets/SD Unity-Chan Haon Custom/Models/Parts/Eye_00_R.fbx using Guid(1916394ce5d6072439e502357a407567) Importer(815301076,1909f56bfc062723c751e8b465ee728b)  -> (artifact id: '515fdd204567fff8eeb571c667be5eef') in 0.041269 seconds 
========================================================================
Received Import Request.
  Time since last request: 0.000023 seconds.
  path: Assets/SD Unity-Chan Haon Custom/Models/Parts/Eye_02_L.fbx
  artifactKey: Guid(9ce156784ef209045be338a368e13d9d) Importer(815301076,1909f56bfc062723c751e8b465ee728b)
Start importing Assets/SD Unity-Chan Haon Custom/Models/Parts/Eye_02_L.fbx using Guid(9ce156784ef209045be338a368e13d9d) Importer(815301076,1909f56bfc062723c751e8b465ee728b)  -> (artifact id: '8cfc88fe179c0ddccd2723e61fa329ad') in 0.039793 seconds 
========================================================================
Received Import Request.
  Time since last request: 0.000050 seconds.
  path: Assets/SD Unity-Chan Haon Custom/Models/Parts/EyeLight_00_L.fbx
  artifactKey: Guid(6131178e2a1e42242b6d58f6ba6aa6d7) Importer(815301076,1909f56bfc062723c751e8b465ee728b)
Start importing Assets/SD Unity-Chan Haon Custom/Models/Parts/EyeLight_00_L.fbx using Guid(6131178e2a1e42242b6d58f6ba6aa6d7) Importer(815301076,1909f56bfc062723c751e8b465ee728b)  -> (artifact id: '514068a8c0ff758d9e103b7b4b90b9c0') in 0.025125 seconds 
========================================================================
Received Import Request.
  Time since last request: 0.000025 seconds.
  path: Assets/SD Unity-Chan Haon Custom/Models/Parts/Face_00.fbx
  artifactKey: Guid(207f23503b6a22448a7c7139ed5e8286) Importer(815301076,1909f56bfc062723c751e8b465ee728b)
Start importing Assets/SD Unity-Chan Haon Custom/Models/Parts/Face_00.fbx using Guid(207f23503b6a22448a7c7139ed5e8286) Importer(815301076,1909f56bfc062723c751e8b465ee728b)  -> (artifact id: '7ed46f31a6ad57e2b37b65a678c3417c') in 0.029518 seconds 
========================================================================
Received Import Request.
  Time since last request: 0.000039 seconds.
  path: Assets/SD Unity-Chan Haon Custom/Models/Parts/Eye_02_R.fbx
  artifactKey: Guid(bd27e7964625c84449f2ac3e445385f3) Importer(815301076,1909f56bfc062723c751e8b465ee728b)
Start importing Assets/SD Unity-Chan Haon Custom/Models/Parts/Eye_02_R.fbx using Guid(bd27e7964625c84449f2ac3e445385f3) Importer(815301076,1909f56bfc062723c751e8b465ee728b)  -> (artifact id: '3e137b70690733cffda04b724c99113d') in 0.036739 seconds 
========================================================================
Received Import Request.
  Time since last request: 0.000027 seconds.
  path: Assets/SD Unity-Chan Haon Custom/Models/Parts/Hair_01_Front.fbx
  artifactKey: Guid(731ecf5991c41524e81af48795bf9092) Importer(815301076,1909f56bfc062723c751e8b465ee728b)
Start importing Assets/SD Unity-Chan Haon Custom/Models/Parts/Hair_01_Front.fbx using Guid(731ecf5991c41524e81af48795bf9092) Importer(815301076,1909f56bfc062723c751e8b465ee728b)  -> (artifact id: 'aae85cd2c3b304e1f095109261a9a3e8') in 0.035654 seconds 
========================================================================
Received Import Request.
  Time since last request: 4.914773 seconds.
  path: Assets/SD Unity-Chan Haon Custom/Models/Prop/Prop_04_L_TwinDagger.FBX
  artifactKey: Guid(50ac0be924e355245b643db100ca996e) Importer(815301076,1909f56bfc062723c751e8b465ee728b)
Start importing Assets/SD Unity-Chan Haon Custom/Models/Prop/Prop_04_L_TwinDagger.FBX using Guid(50ac0be924e355245b643db100ca996e) Importer(815301076,1909f56bfc062723c751e8b465ee728b)  -> (artifact id: '17f667e7cf9f354395f301d37f68e763') in 0.026586 seconds 
========================================================================
Received Import Request.
  Time since last request: 0.000034 seconds.
  path: Assets/SD Unity-Chan Haon Custom/Models/Prop/Prop_R_Shovel_00_dummy.FBX
  artifactKey: Guid(4af84749dae5b5c4d87038ca37a860a6) Importer(815301076,1909f56bfc062723c751e8b465ee728b)
Start importing Assets/SD Unity-Chan Haon Custom/Models/Prop/Prop_R_Shovel_00_dummy.FBX using Guid(4af84749dae5b5c4d87038ca37a860a6) Importer(815301076,1909f56bfc062723c751e8b465ee728b)  -> (artifact id: 'a9a97f71f4c53c455dc709ae9e33af8f') in 0.086899 seconds 
========================================================================
Received Import Request.
  Time since last request: 0.000057 seconds.
  path: Assets/SD Unity-Chan Haon Custom/Models/Prop/Prop_R_Axe_00_dummy.FBX
  artifactKey: Guid(4f603373e0a26094182053027300dbc2) Importer(815301076,1909f56bfc062723c751e8b465ee728b)
Start importing Assets/SD Unity-Chan Haon Custom/Models/Prop/Prop_R_Axe_00_dummy.FBX using Guid(4f603373e0a26094182053027300dbc2) Importer(815301076,1909f56bfc062723c751e8b465ee728b)  -> (artifact id: 'af4fba1fe3115c4e30fd5f5feae1ce2c') in 0.026160 seconds 
========================================================================
Received Import Request.
  Time since last request: 1.965987 seconds.
  path: Assets/SD Unity-Chan Haon Custom/Models/rigProp/RigProp_R_Net_00_dummy.FBX
  artifactKey: Guid(8373282ff8d105641bcaf7860943b400) Importer(815301076,1909f56bfc062723c751e8b465ee728b)
Start importing Assets/SD Unity-Chan Haon Custom/Models/rigProp/RigProp_R_Net_00_dummy.FBX using Guid(8373282ff8d105641bcaf7860943b400) Importer(815301076,1909f56bfc062723c751e8b465ee728b)  -> (artifact id: 'e358ff96b83f90d0941e6f3e992eb99e') in 0.029913 seconds 
========================================================================
Received Import Request.
  Time since last request: 13.059691 seconds.
  path: Assets/SD Unity-Chan Haon Custom/Shader/Unity-chan Toon Shader Ver 2.0.6/UCTS_Outline.cginc
  artifactKey: Guid(ec7b5c1d006f6be49b412bcd7a789c78) Importer(815301076,1909f56bfc062723c751e8b465ee728b)
Start importing Assets/SD Unity-Chan Haon Custom/Shader/Unity-chan Toon Shader Ver 2.0.6/UCTS_Outline.cginc using Guid(ec7b5c1d006f6be49b412bcd7a789c78) Importer(815301076,1909f56bfc062723c751e8b465ee728b)  -> (artifact id: 'b11104a35ed7631f1c506347eb53daa0') in 0.006770 seconds 
========================================================================
Received Import Request.
  Time since last request: 0.000060 seconds.
  path: Assets/SD Unity-Chan Haon Custom/Shader/Unity-chan Toon Shader Ver 2.0.6/UCTS_ShadowCaster.cginc
  artifactKey: Guid(ae8d06deb98501947846000ba6cd3ab2) Importer(815301076,1909f56bfc062723c751e8b465ee728b)
Start importing Assets/SD Unity-Chan Haon Custom/Shader/Unity-chan Toon Shader Ver 2.0.6/UCTS_ShadowCaster.cginc using Guid(ae8d06deb98501947846000ba6cd3ab2) Importer(815301076,1909f56bfc062723c751e8b465ee728b)  -> (artifact id: '7dbc1b50c94477dde9895803dad68f1c') in 0.002780 seconds 
========================================================================
Received Import Request.
  Time since last request: 13.773785 seconds.
  path: Assets/SD Unity-Chan Haon Custom/Animation Setting/_Humanoid And Add-Bone LS PropC Umbrella On-off.mask
  artifactKey: Guid(bd421e0ffdb444e4ca78408fe5f56d58) Importer(815301076,1909f56bfc062723c751e8b465ee728b)
Start importing Assets/SD Unity-Chan Haon Custom/Animation Setting/_Humanoid And Add-Bone LS PropC Umbrella On-off.mask using Guid(bd421e0ffdb444e4ca78408fe5f56d58) Importer(815301076,1909f56bfc062723c751e8b465ee728b)  -> (artifact id: '89d214f40483c68bfa7b70ad49f3492b') in 0.004366 seconds 
========================================================================
Received Import Request.
  Time since last request: 0.000017 seconds.
  path: Assets/SD Unity-Chan Haon Custom/Animation Setting/_Humanoid and Add-Bone Mask Base.FBX
  artifactKey: Guid(e7f9062685a4c3c44a1bbecc3992d83c) Importer(815301076,1909f56bfc062723c751e8b465ee728b)
Start importing Assets/SD Unity-Chan Haon Custom/Animation Setting/_Humanoid and Add-Bone Mask Base.FBX using Guid(e7f9062685a4c3c44a1bbecc3992d83c) Importer(815301076,1909f56bfc062723c751e8b465ee728b)  -> (artifact id: '64fbe594c71e6ea22b5e7ac4c08b3fed') in 0.086549 seconds 
========================================================================
Received Import Request.
  Time since last request: 12.163802 seconds.
  path: Assets/SD Unity-Chan Haon Custom/_Guide/Models/GuideObject_Equal.fbx
  artifactKey: Guid(51a151c5e238fe94095f2c8335d0dc8f) Importer(815301076,1909f56bfc062723c751e8b465ee728b)
Start importing Assets/SD Unity-Chan Haon Custom/_Guide/Models/GuideObject_Equal.fbx using Guid(51a151c5e238fe94095f2c8335d0dc8f) Importer(815301076,1909f56bfc062723c751e8b465ee728b)  -> (artifact id: 'e40ff32c4dfc9a39963d68073886d127') in 0.042425 seconds 
========================================================================
Received Import Request.
  Time since last request: 0.000027 seconds.
  path: Assets/SD Unity-Chan Haon Custom/_Guide/Models/GuideObject_Plus.fbx
  artifactKey: Guid(d9e3c703c72f9164e9b23fc8eee60eee) Importer(815301076,1909f56bfc062723c751e8b465ee728b)
Start importing Assets/SD Unity-Chan Haon Custom/_Guide/Models/GuideObject_Plus.fbx using Guid(d9e3c703c72f9164e9b23fc8eee60eee) Importer(815301076,1909f56bfc062723c751e8b465ee728b)  -> (artifact id: 'c92665be85f2e5441f399b479f906e49') in 0.030428 seconds 
========================================================================
Received Import Request.
  Time since last request: 4.193345 seconds.
  path: Assets/SD Unity-Chan Haon Custom/_Guide/Animation/Guide Tose - RunA_Front 1.FBX
  artifactKey: Guid(798753d441bf55049925df918c499dbf) Importer(815301076,1909f56bfc062723c751e8b465ee728b)
Start importing Assets/SD Unity-Chan Haon Custom/_Guide/Animation/Guide Tose - RunA_Front 1.FBX using Guid(798753d441bf55049925df918c499dbf) Importer(815301076,1909f56bfc062723c751e8b465ee728b)  -> (artifact id: 'e91803ed09ce28977adfec0d51fd3661') in 0.164874 seconds 
========================================================================
Received Import Request.
  Time since last request: 0.000045 seconds.
  path: Assets/SD Unity-Chan Haon Custom/_Guide/Animation/Guide Tose - RunA_Front 2.FBX
  artifactKey: Guid(0336a024ddde674499682f530defb42e) Importer(815301076,1909f56bfc062723c751e8b465ee728b)
Start importing Assets/SD Unity-Chan Haon Custom/_Guide/Animation/Guide Tose - RunA_Front 2.FBX using Guid(0336a024ddde674499682f530defb42e) Importer(815301076,1909f56bfc062723c751e8b465ee728b)  -> (artifact id: '54b169f143a3f69aebea8a2a31fd6683') in 0.138633 seconds 
========================================================================
Received Import Request.
  Time since last request: 3.457622 seconds.
  path: Assets/SD Unity-Chan Haon Custom/_Guide/Materials/_DummyMesh00.mat
  artifactKey: Guid(328ff1f44ebc9fa4f9ef6ef29176186e) Importer(815301076,1909f56bfc062723c751e8b465ee728b)
Start importing Assets/SD Unity-Chan Haon Custom/_Guide/Materials/_DummyMesh00.mat using Guid(328ff1f44ebc9fa4f9ef6ef29176186e) Importer(815301076,1909f56bfc062723c751e8b465ee728b)  -> (artifact id: '8ea887d591d4cf40611d9f46ec864b76') in 0.018923 seconds 
========================================================================
Received Import Request.
  Time since last request: 0.000021 seconds.
  path: Assets/SD Unity-Chan Haon Custom/_Guide/Materials/Catalog Card 02.mat
  artifactKey: Guid(0570cdbb028a1e14aa10761a0fe991e2) Importer(815301076,1909f56bfc062723c751e8b465ee728b)
Start importing Assets/SD Unity-Chan Haon Custom/_Guide/Materials/Catalog Card 02.mat using Guid(0570cdbb028a1e14aa10761a0fe991e2) Importer(815301076,1909f56bfc062723c751e8b465ee728b)  -> (artifact id: 'd60924e33cfdd09bf9fc343c2b118dfa') in 0.023389 seconds 
========================================================================
Received Import Request.
  Time since last request: 0.000053 seconds.
  path: Assets/SD Unity-Chan Haon Custom/_Guide/Materials/Catalog Card 07.mat
  artifactKey: Guid(39c8b14bbf83b5a439de029f7d3aac24) Importer(815301076,1909f56bfc062723c751e8b465ee728b)
Start importing Assets/SD Unity-Chan Haon Custom/_Guide/Materials/Catalog Card 07.mat using Guid(39c8b14bbf83b5a439de029f7d3aac24) Importer(815301076,1909f56bfc062723c751e8b465ee728b)  -> (artifact id: 'e61f16175cb1a5c7a336d8b71911e2bf') in 0.019019 seconds 
========================================================================
Received Import Request.
  Time since last request: 0.000029 seconds.
  path: Assets/SD Unity-Chan Haon Custom/_Guide/Materials/catalog 1.mat
  artifactKey: Guid(962685ad28371c141a7f7b6752c0d42d) Importer(815301076,1909f56bfc062723c751e8b465ee728b)
Start importing Assets/SD Unity-Chan Haon Custom/_Guide/Materials/catalog 1.mat using Guid(962685ad28371c141a7f7b6752c0d42d) Importer(815301076,1909f56bfc062723c751e8b465ee728b)  -> (artifact id: 'e16f82b18161d86e541a32b31ca019c4') in 0.025805 seconds 
========================================================================
Received Import Request.
  Time since last request: 0.000026 seconds.
  path: Assets/SD Unity-Chan Haon Custom/_Guide/Materials/Face_BlendShapes.mat
  artifactKey: Guid(3475b048a6f65944bbc2e49dc5ce5d14) Importer(815301076,1909f56bfc062723c751e8b465ee728b)
Start importing Assets/SD Unity-Chan Haon Custom/_Guide/Materials/Face_BlendShapes.mat using Guid(3475b048a6f65944bbc2e49dc5ce5d14) Importer(815301076,1909f56bfc062723c751e8b465ee728b)  -> (artifact id: '051e8bfe4cddcc8526c76bb0e1f22ba5') in 0.044366 seconds 
========================================================================
Received Import Request.
  Time since last request: 0.000045 seconds.
  path: Assets/SD Unity-Chan Haon Custom/_Guide/Materials/catalog 2.mat
  artifactKey: Guid(21520ae71dc56694b873aa697736df0d) Importer(815301076,1909f56bfc062723c751e8b465ee728b)
Start importing Assets/SD Unity-Chan Haon Custom/_Guide/Materials/catalog 2.mat using Guid(21520ae71dc56694b873aa697736df0d) Importer(815301076,1909f56bfc062723c751e8b465ee728b)  -> (artifact id: 'aa6ac452b7efbf23ef451f89e5e058c2') in 0.017331 seconds 
========================================================================
Received Import Request.
  Time since last request: 0.000029 seconds.
  path: Assets/SD Unity-Chan Haon Custom/_Guide/Materials/Catalog Card 01.mat
  artifactKey: Guid(eea98f9e1c0ee964f9c84ae1b0add9fa) Importer(815301076,1909f56bfc062723c751e8b465ee728b)
Start importing Assets/SD Unity-Chan Haon Custom/_Guide/Materials/Catalog Card 01.mat using Guid(eea98f9e1c0ee964f9c84ae1b0add9fa) Importer(815301076,1909f56bfc062723c751e8b465ee728b)  -> (artifact id: '303f1f95fa4256ec92fe26e6d8782839') in 0.020647 seconds 
========================================================================
Received Import Request.
  Time since last request: 0.000023 seconds.
  path: Assets/SD Unity-Chan Haon Custom/_Guide/Materials/_maskGuide.mat
  artifactKey: Guid(b03f2410943eb5842942c17ef815be7e) Importer(815301076,1909f56bfc062723c751e8b465ee728b)
Start importing Assets/SD Unity-Chan Haon Custom/_Guide/Materials/_maskGuide.mat using Guid(b03f2410943eb5842942c17ef815be7e) Importer(815301076,1909f56bfc062723c751e8b465ee728b)  -> (artifact id: 'eedd4fcce0688a4378c91ba30953388d') in 0.018226 seconds 
========================================================================
Received Import Request.
  Time since last request: 0.000033 seconds.
  path: Assets/SD Unity-Chan Haon Custom/_Guide/Materials/Guide_01.mat
  artifactKey: Guid(b9f2ab01c0cf0ae49a7f59bc12b9829f) Importer(815301076,1909f56bfc062723c751e8b465ee728b)
Start importing Assets/SD Unity-Chan Haon Custom/_Guide/Materials/Guide_01.mat using Guid(b9f2ab01c0cf0ae49a7f59bc12b9829f) Importer(815301076,1909f56bfc062723c751e8b465ee728b)  -> (artifact id: 'f0f1386dfe75d4e9fdc5ac40ea9b2765') in 0.016368 seconds 
========================================================================
Received Import Request.
  Time since last request: 0.000025 seconds.
  path: Assets/SD Unity-Chan Haon Custom/_Guide/Materials/Guide_09.mat
  artifactKey: Guid(5d1a31077a239cd4bbcf96855c11a197) Importer(815301076,1909f56bfc062723c751e8b465ee728b)
Start importing Assets/SD Unity-Chan Haon Custom/_Guide/Materials/Guide_09.mat using Guid(5d1a31077a239cd4bbcf96855c11a197) Importer(815301076,1909f56bfc062723c751e8b465ee728b)  -> (artifact id: 'e9a268edc45faf590ee931185625f997') in 0.017299 seconds 
========================================================================
Received Import Request.
  Time since last request: 0.000030 seconds.
  path: Assets/SD Unity-Chan Haon Custom/_Guide/Materials/Catalog Card 11.mat
  artifactKey: Guid(11a8fd46caf5f064b8a639bfb07ce505) Importer(815301076,1909f56bfc062723c751e8b465ee728b)
Start importing Assets/SD Unity-Chan Haon Custom/_Guide/Materials/Catalog Card 11.mat using Guid(11a8fd46caf5f064b8a639bfb07ce505) Importer(815301076,1909f56bfc062723c751e8b465ee728b)  -> (artifact id: '11d9a8cd1520036e83ffb7c083452136') in 0.017847 seconds 
========================================================================
Received Import Request.
  Time since last request: 0.000054 seconds.
  path: Assets/SD Unity-Chan Haon Custom/_Guide/Materials/Guide_05.mat
  artifactKey: Guid(e4d9371a04676084287dd669690b54fb) Importer(815301076,1909f56bfc062723c751e8b465ee728b)
Start importing Assets/SD Unity-Chan Haon Custom/_Guide/Materials/Guide_05.mat using Guid(e4d9371a04676084287dd669690b54fb) Importer(815301076,1909f56bfc062723c751e8b465ee728b)  -> (artifact id: 'd56586d7f5c7b9a9f2dfaeb8338c6f29') in 0.018779 seconds 
========================================================================
Received Import Request.
  Time since last request: 0.000034 seconds.
  path: Assets/SD Unity-Chan Haon Custom/_Guide/Materials/Catalog Card 08.mat
  artifactKey: Guid(f52a6bb3894086c49b0e3952223dc1e7) Importer(815301076,1909f56bfc062723c751e8b465ee728b)
Start importing Assets/SD Unity-Chan Haon Custom/_Guide/Materials/Catalog Card 08.mat using Guid(f52a6bb3894086c49b0e3952223dc1e7) Importer(815301076,1909f56bfc062723c751e8b465ee728b)  -> (artifact id: '344936c6a64241a8b3d8a569b6755d1c') in 0.020279 seconds 
========================================================================
Received Import Request.
  Time since last request: 0.508702 seconds.
  path: Assets/SD Unity-Chan Haon Custom/_Guide/Materials/Guide_12.mat
  artifactKey: Guid(aacc73bb37e19044b87908c29a39b792) Importer(815301076,1909f56bfc062723c751e8b465ee728b)
Start importing Assets/SD Unity-Chan Haon Custom/_Guide/Materials/Guide_12.mat using Guid(aacc73bb37e19044b87908c29a39b792) Importer(815301076,1909f56bfc062723c751e8b465ee728b)  -> (artifact id: '3ba47f22e4089c275ee025008d35175f') in 0.014762 seconds 
========================================================================
Received Import Request.
  Time since last request: 0.000024 seconds.
  path: Assets/SD Unity-Chan Haon Custom/_Guide/Materials/Guide_13.mat
  artifactKey: Guid(7d8b6835179da674ab2fd69801edf39f) Importer(815301076,1909f56bfc062723c751e8b465ee728b)
Start importing Assets/SD Unity-Chan Haon Custom/_Guide/Materials/Guide_13.mat using Guid(7d8b6835179da674ab2fd69801edf39f) Importer(815301076,1909f56bfc062723c751e8b465ee728b)  -> (artifact id: '8c5b2af0a7b9170220c6687b116be5d5') in 0.017642 seconds 
========================================================================
Received Import Request.
  Time since last request: 0.000025 seconds.
  path: Assets/SD Unity-Chan Haon Custom/_Guide/Materials/Guide_License.mat
  artifactKey: Guid(8da1bcb6c814cce46aadb35e517b4477) Importer(815301076,1909f56bfc062723c751e8b465ee728b)
Start importing Assets/SD Unity-Chan Haon Custom/_Guide/Materials/Guide_License.mat using Guid(8da1bcb6c814cce46aadb35e517b4477) Importer(815301076,1909f56bfc062723c751e8b465ee728b)  -> (artifact id: '7185c929a67a2356522f743a7642c4e9') in 0.012305 seconds 
========================================================================
Received Import Request.
  Time since last request: 0.375616 seconds.
  path: Assets/SD Unity-Chan Haon Custom/_Guide/Materials/How to Differentiate ‘FaceSkin’ and ‘FaceSkinHead’..mat
  artifactKey: Guid(b153bd11fa17ca24887eec627c3839b5) Importer(815301076,1909f56bfc062723c751e8b465ee728b)
Start importing Assets/SD Unity-Chan Haon Custom/_Guide/Materials/How to Differentiate ‘FaceSkin’ and ‘FaceSkinHead’..mat using Guid(b153bd11fa17ca24887eec627c3839b5) Importer(815301076,1909f56bfc062723c751e8b465ee728b)  -> (artifact id: 'ca5eaf04b0a1fe2ee8ff6099fd48ece9') in 0.011610 seconds 
========================================================================
Received Import Request.
  Time since last request: 0.000022 seconds.
  path: Assets/SD Unity-Chan Haon Custom/_Guide/Materials/preview_plan A.mat
  artifactKey: Guid(7ac7e2148b80c1248afb3f92a4726fba) Importer(815301076,1909f56bfc062723c751e8b465ee728b)
Start importing Assets/SD Unity-Chan Haon Custom/_Guide/Materials/preview_plan A.mat using Guid(7ac7e2148b80c1248afb3f92a4726fba) Importer(815301076,1909f56bfc062723c751e8b465ee728b)  -> (artifact id: '17fdb3c6d40fbcd154f00db9da0ff77a') in 0.019880 seconds 
========================================================================
Received Import Request.
  Time since last request: 0.000042 seconds.
  path: Assets/SD Unity-Chan Haon Custom/_Guide/Materials/Install Spring Script 06.mat
  artifactKey: Guid(555e11f89af72bc4ca6f043d611a1eff) Importer(815301076,1909f56bfc062723c751e8b465ee728b)
Start importing Assets/SD Unity-Chan Haon Custom/_Guide/Materials/Install Spring Script 06.mat using Guid(555e11f89af72bc4ca6f043d611a1eff) Importer(815301076,1909f56bfc062723c751e8b465ee728b)  -> (artifact id: 'b45777bfcc61c37c26b6f7f2711521b4') in 0.023406 seconds 
========================================================================
Received Import Request.
  Time since last request: 0.000041 seconds.
  path: Assets/SD Unity-Chan Haon Custom/_Guide/Materials/Tpose2.mat
  artifactKey: Guid(e8f846de0fb1b3d44b76c910b06949a1) Importer(815301076,1909f56bfc062723c751e8b465ee728b)
Start importing Assets/SD Unity-Chan Haon Custom/_Guide/Materials/Tpose2.mat using Guid(e8f846de0fb1b3d44b76c910b06949a1) Importer(815301076,1909f56bfc062723c751e8b465ee728b)  -> (artifact id: '66cd8332316eb73054ad4581c1331bff') in 0.013728 seconds 
========================================================================
Received Import Request.
  Time since last request: 0.000051 seconds.
  path: Assets/SD Unity-Chan Haon Custom/_Guide/Materials/Preview_sky B.mat
  artifactKey: Guid(13a0c2a54fe3fa646b6c689128bcf210) Importer(815301076,1909f56bfc062723c751e8b465ee728b)
Start importing Assets/SD Unity-Chan Haon Custom/_Guide/Materials/Preview_sky B.mat using Guid(13a0c2a54fe3fa646b6c689128bcf210) Importer(815301076,1909f56bfc062723c751e8b465ee728b)  -> (artifact id: '2b8f528984d1e7e4954af79c11dcb1d3') in 0.178643 seconds 
========================================================================
Received Import Request.
  Time since last request: 0.000018 seconds.
  path: Assets/SD Unity-Chan Haon Custom/_Guide/Materials/Tpose3.mat
  artifactKey: Guid(65c68e7572da0004cb7e2e4b6fde6529) Importer(815301076,1909f56bfc062723c751e8b465ee728b)
Start importing Assets/SD Unity-Chan Haon Custom/_Guide/Materials/Tpose3.mat using Guid(65c68e7572da0004cb7e2e4b6fde6529) Importer(815301076,1909f56bfc062723c751e8b465ee728b)  -> (artifact id: '840f8511280e9802ed72c3973465f5e3') in 0.012329 seconds 
========================================================================
Received Import Request.
  Time since last request: 0.000047 seconds.
  path: Assets/SD Unity-Chan Haon Custom/_Guide/Materials/Tpose.mat
  artifactKey: Guid(4920f3cf8b8930742b70df0aa2a95608) Importer(815301076,1909f56bfc062723c751e8b465ee728b)
Start importing Assets/SD Unity-Chan Haon Custom/_Guide/Materials/Tpose.mat using Guid(4920f3cf8b8930742b70df0aa2a95608) Importer(815301076,1909f56bfc062723c751e8b465ee728b)  -> (artifact id: '13d3f25b9344ea4f1e273a343784058a') in 0.013430 seconds 
========================================================================
Received Import Request.
  Time since last request: 3.681526 seconds.
  path: Assets/SD Unity-Chan Haon Custom/_Guide/Texture/_maskGuide.png
  artifactKey: Guid(2bd4c35b5dd1d914fb97bf37c84b14bd) Importer(815301076,1909f56bfc062723c751e8b465ee728b)
Start importing Assets/SD Unity-Chan Haon Custom/_Guide/Texture/_maskGuide.png using Guid(2bd4c35b5dd1d914fb97bf37c84b14bd) Importer(815301076,1909f56bfc062723c751e8b465ee728b)  -> (artifact id: '71c74b9521ea043f3bf670e44332715b') in 0.023566 seconds 
========================================================================
Received Import Request.
  Time since last request: 0.000016 seconds.
  path: Assets/SD Unity-Chan Haon Custom/_Guide/Texture/Tpose3.png
  artifactKey: Guid(596c4a4cc282e4d4ca3e3ccde16c70f9) Importer(815301076,1909f56bfc062723c751e8b465ee728b)
Start importing Assets/SD Unity-Chan Haon Custom/_Guide/Texture/Tpose3.png using Guid(596c4a4cc282e4d4ca3e3ccde16c70f9) Importer(815301076,1909f56bfc062723c751e8b465ee728b)  -> (artifact id: 'c2c9fefa1bd929649a5288c9b9040a28') in 0.012602 seconds 
========================================================================
Received Import Request.
  Time since last request: 0.000025 seconds.
  path: Assets/SD Unity-Chan Haon Custom/_Guide/Texture/skinhead.png
  artifactKey: Guid(0d763a41af07fab4c92374216b09f5ad) Importer(815301076,1909f56bfc062723c751e8b465ee728b)
Start importing Assets/SD Unity-Chan Haon Custom/_Guide/Texture/skinhead.png using Guid(0d763a41af07fab4c92374216b09f5ad) Importer(815301076,1909f56bfc062723c751e8b465ee728b)  -> (artifact id: 'c069561fc5921bd9f2cc24b2f0ae4984') in 0.028078 seconds 
========================================================================
Received Import Request.
  Time since last request: 0.000024 seconds.
  path: Assets/SD Unity-Chan Haon Custom/_Guide/Texture/Install Spring Script 06.png
  artifactKey: Guid(68de232f14915904f9a03eb89ea3ff35) Importer(815301076,1909f56bfc062723c751e8b465ee728b)
Start importing Assets/SD Unity-Chan Haon Custom/_Guide/Texture/Install Spring Script 06.png using Guid(68de232f14915904f9a03eb89ea3ff35) Importer(815301076,1909f56bfc062723c751e8b465ee728b)  -> (artifact id: '9596e7794cb86f1cc8cac637eb95f0b4') in 0.012474 seconds 
========================================================================
Received Import Request.
  Time since last request: 0.000039 seconds.
  path: Assets/SD Unity-Chan Haon Custom/_Guide/Texture/Face_BlendShapes.png
  artifactKey: Guid(cbf1281859f7d574a92c3275c02d533e) Importer(815301076,1909f56bfc062723c751e8b465ee728b)
Start importing Assets/SD Unity-Chan Haon Custom/_Guide/Texture/Face_BlendShapes.png using Guid(cbf1281859f7d574a92c3275c02d533e) Importer(815301076,1909f56bfc062723c751e8b465ee728b)  -> (artifact id: 'b3279aae885d2af83df6707559ca5c9f') in 0.011678 seconds 
========================================================================
Received Import Request.
  Time since last request: 1.941314 seconds.
  path: Assets/SD Unity-Chan Haon Custom/_Guide/Texture/Materials/Install Spring Script 03.mat
  artifactKey: Guid(9cbb059c0899a794f96a115d2f3a72a8) Importer(815301076,1909f56bfc062723c751e8b465ee728b)
Start importing Assets/SD Unity-Chan Haon Custom/_Guide/Texture/Materials/Install Spring Script 03.mat using Guid(9cbb059c0899a794f96a115d2f3a72a8) Importer(815301076,1909f56bfc062723c751e8b465ee728b)  -> (artifact id: '470993ae1e5df79d0f419fa327c1a801') in 0.013389 seconds 
========================================================================
Received Import Request.
  Time since last request: 17.309923 seconds.
  path: Assets/TextMesh Pro/Examples & Extras/Materials/Ground - Surface Shader Scene.mat
  artifactKey: Guid(aadd5a709a48466c887296bb5b1b8110) Importer(815301076,1909f56bfc062723c751e8b465ee728b)
Start importing Assets/TextMesh Pro/Examples & Extras/Materials/Ground - Surface Shader Scene.mat using Guid(aadd5a709a48466c887296bb5b1b8110) Importer(815301076,1909f56bfc062723c751e8b465ee728b)  -> (artifact id: '96bbac303e7e1f148589f40a044e4d87') in 0.035598 seconds 
========================================================================
Received Import Request.
  Time since last request: 2.129662 seconds.
  path: Assets/SD Unity-Chan Haon Custom/Prefabs/Set/Set Costume_01 SD Unity-Chan.prefab
  artifactKey: Guid(234a458d2bc9de040834a24c42610268) Importer(815301076,1909f56bfc062723c751e8b465ee728b)
Start importing Assets/SD Unity-Chan Haon Custom/Prefabs/Set/Set Costume_01 SD Unity-Chan.prefab using Guid(234a458d2bc9de040834a24c42610268) Importer(815301076,1909f56bfc062723c751e8b465ee728b)  -> (artifact id: 'a6b6a7082085de0f794a89cd53204dbd') in 0.056351 seconds 
========================================================================
Received Import Request.
  Time since last request: 0.000027 seconds.
  path: Assets/SD Unity-Chan Haon Custom/Prefabs/Set/Set Costume_02 SD Unity-Chan.prefab
  artifactKey: Guid(9d4dd85afa58a17438e34b09e8d15f77) Importer(815301076,1909f56bfc062723c751e8b465ee728b)
Start importing Assets/SD Unity-Chan Haon Custom/Prefabs/Set/Set Costume_02 SD Unity-Chan.prefab using Guid(9d4dd85afa58a17438e34b09e8d15f77) Importer(815301076,1909f56bfc062723c751e8b465ee728b)  -> (artifact id: '6f4e7a65a890ab0ca25110b5542989b1') in 0.065576 seconds 
========================================================================
Received Import Request.
  Time since last request: 0.000043 seconds.
  path: Assets/SD Unity-Chan Haon Custom/Prefabs/Set/Set Costume_02 SD Unity-Chan WGS.prefab
  artifactKey: Guid(485d662c63590f74dac20be0cf684019) Importer(815301076,1909f56bfc062723c751e8b465ee728b)
Start importing Assets/SD Unity-Chan Haon Custom/Prefabs/Set/Set Costume_02 SD Unity-Chan WGS.prefab using Guid(485d662c63590f74dac20be0cf684019) Importer(815301076,1909f56bfc062723c751e8b465ee728b)  -> (artifact id: 'fd2a379d44892dba592daede47442448') in 0.069244 seconds 
========================================================================
Received Import Request.
  Time since last request: 359.159691 seconds.
  path: Assets/SD Unity-Chan Haon Custom/Prefabs/Set/Set Costume_02 SD Unity-Chan.prefab
  artifactKey: Guid(9d4dd85afa58a17438e34b09e8d15f77) Importer(815301076,1909f56bfc062723c751e8b465ee728b)
Start importing Assets/SD Unity-Chan Haon Custom/Prefabs/Set/Set Costume_02 SD Unity-Chan.prefab using Guid(9d4dd85afa58a17438e34b09e8d15f77) Importer(815301076,1909f56bfc062723c751e8b465ee728b)  -> (artifact id: 'e8a20d4b5afa1f549778711d828ee725') in 0.079399 seconds 
========================================================================
Received Import Request.
  Time since last request: 0.000030 seconds.
  path: Assets/SD Unity-Chan Haon Custom/Prefabs/Set/Set Costume_02 SD Unity-Chan WGS.prefab
  artifactKey: Guid(485d662c63590f74dac20be0cf684019) Importer(815301076,1909f56bfc062723c751e8b465ee728b)
Start importing Assets/SD Unity-Chan Haon Custom/Prefabs/Set/Set Costume_02 SD Unity-Chan WGS.prefab using Guid(485d662c63590f74dac20be0cf684019) Importer(815301076,1909f56bfc062723c751e8b465ee728b)  -> (artifact id: 'b9742089cfeed3e880de76831ea9e2e2') in 0.087748 seconds 
========================================================================
Received Prepare
Registering precompiled user dll's ...
Registered in 0.004082 seconds.
Begin MonoManager ReloadAssembly
Native extension for WindowsStandalone target not found
Refreshing native plugins compatible for Editor in 0.89 ms, found 2 plugins.
Preloading 0 native plugins for Editor in 0.00 ms.
Mono: successfully reloaded assembly
- Completed reload, in  1.306 seconds
Domain Reload Profiling:
	ReloadAssembly (1307ms)
		BeginReloadAssembly (182ms)
			ExecutionOrderSort (0ms)
			DisableScriptedObjects (9ms)
			BackupInstance (0ms)
			ReleaseScriptingObjects (0ms)
			CreateAndSetChildDomain (43ms)
		EndReloadAssembly (976ms)
			LoadAssemblies (121ms)
			RebuildTransferFunctionScriptingTraits (0ms)
			SetupTypeCache (276ms)
			ReleaseScriptCaches (1ms)
			RebuildScriptCaches (68ms)
			SetupLoadedEditorAssemblies (449ms)
				LogAssemblyErrors (0ms)
				InitializePlatformSupportModulesInManaged (28ms)
				SetLoadedEditorAssemblies (1ms)
				RefreshPlugins (1ms)
				BeforeProcessingInitializeOnLoad (107ms)
				ProcessInitializeOnLoadAttributes (260ms)
				ProcessInitializeOnLoadMethodAttributes (38ms)
				AfterProcessingInitializeOnLoad (15ms)
				EditorAssembliesLoaded (0ms)
			ExecutionOrderSort2 (0ms)
			AwakeInstancesAfterBackupRestoration (8ms)
Platform modules already initialized, skipping
Refreshing native plugins compatible for Editor in 1.18 ms, found 2 plugins.
Preloading 0 native plugins for Editor in 0.00 ms.
Unloading 1817 Unused Serialized files (Serialized files now loaded: 0)
Unloading 123 unused Assets / (20.4 MB). Loaded Objects now: 2268.
Memory consumption went from 144.7 MB to 124.3 MB.
Total: 14.049100 ms (FindLiveObjects: 0.189800 ms CreateObjectMapping: 0.065400 ms MarkObjects: 2.874700 ms  DeleteObjects: 10.918100 ms)

AssetImportParameters requested are different than current active one (requested -> active):
  custom:video-decoder-ogg-theora: a1e56fd34408186e4bbccfd4996cb3dc -> 
  custom:container-muxer-webm: aa71ff27fc2769a1b78a27578f13a17b -> 
  custom:container-demuxer-webm: 4f35f7cbe854078d1ac9338744f61a02 -> 
  custom:video-encoder-webm-vp8: eb34c28f22e8b96e1ab97ce403110664 -> 
  custom:audio-encoder-webm-vorbis: bf7c407c2cedff20999df2af8eb42d56 -> 
  custom:framework-win-MediaFoundation: 216162199b28c13a410421893ffa2e32 -> 
  custom:container-demuxer-ogg: 62fdf1f143b41e24485cea50d1cbac27 -> 
  custom:video-decoder-webm-vp8: 9c59270c3fd7afecdb556c50c9e8de78 -> 
  custom:audio-decoder-ogg-vorbis: bf7c407c2cedff20999df2af8eb42d56 -> 
========================================================================
Received Prepare
Registering precompiled user dll's ...
Registered in 0.002924 seconds.
Begin MonoManager ReloadAssembly
Native extension for WindowsStandalone target not found
Refreshing native plugins compatible for Editor in 0.43 ms, found 2 plugins.
Preloading 0 native plugins for Editor in 0.00 ms.
Mono: successfully reloaded assembly
- Completed reload, in  1.204 seconds
Domain Reload Profiling:
	ReloadAssembly (1204ms)
		BeginReloadAssembly (178ms)
			ExecutionOrderSort (0ms)
			DisableScriptedObjects (8ms)
			BackupInstance (0ms)
			ReleaseScriptingObjects (0ms)
			CreateAndSetChildDomain (42ms)
		EndReloadAssembly (901ms)
			LoadAssemblies (111ms)
			RebuildTransferFunctionScriptingTraits (0ms)
			SetupTypeCache (245ms)
			ReleaseScriptCaches (1ms)
			RebuildScriptCaches (60ms)
			SetupLoadedEditorAssemblies (421ms)
				LogAssemblyErrors (0ms)
				InitializePlatformSupportModulesInManaged (29ms)
				SetLoadedEditorAssemblies (1ms)
				RefreshPlugins (1ms)
				BeforeProcessingInitializeOnLoad (78ms)
				ProcessInitializeOnLoadAttributes (266ms)
				ProcessInitializeOnLoadMethodAttributes (36ms)
				AfterProcessingInitializeOnLoad (12ms)
				EditorAssembliesLoaded (0ms)
			ExecutionOrderSort2 (0ms)
			AwakeInstancesAfterBackupRestoration (8ms)
Platform modules already initialized, skipping
Refreshing native plugins compatible for Editor in 1.24 ms, found 2 plugins.
Preloading 0 native plugins for Editor in 0.00 ms.
Unloading 1816 Unused Serialized files (Serialized files now loaded: 0)
Unloading 123 unused Assets / (20.3 MB). Loaded Objects now: 2271.
Memory consumption went from 144.5 MB to 124.2 MB.
Total: 19.974700 ms (FindLiveObjects: 0.376300 ms CreateObjectMapping: 0.131700 ms MarkObjects: 3.624800 ms  DeleteObjects: 15.840400 ms)

AssetImportParameters requested are different than current active one (requested -> active):
  custom:video-decoder-ogg-theora: a1e56fd34408186e4bbccfd4996cb3dc -> 
  custom:container-muxer-webm: aa71ff27fc2769a1b78a27578f13a17b -> 
  custom:container-demuxer-webm: 4f35f7cbe854078d1ac9338744f61a02 -> 
  custom:video-encoder-webm-vp8: eb34c28f22e8b96e1ab97ce403110664 -> 
  custom:audio-encoder-webm-vorbis: bf7c407c2cedff20999df2af8eb42d56 -> 
  custom:framework-win-MediaFoundation: 216162199b28c13a410421893ffa2e32 -> 
  custom:container-demuxer-ogg: 62fdf1f143b41e24485cea50d1cbac27 -> 
  custom:video-decoder-webm-vp8: 9c59270c3fd7afecdb556c50c9e8de78 -> 
  custom:audio-decoder-ogg-vorbis: bf7c407c2cedff20999df2af8eb42d56 -> 
========================================================================
Received Import Request.
  Time since last request: 643.628671 seconds.
  path: Assets/SD Unity-Chan Haon Custom/Animations/Life Simulation(LS)/PropB/RunA(PropB) rigProp.FBX
  artifactKey: Guid(f62d37f4ff379f544acccbd7e29c1844) Importer(815301076,1909f56bfc062723c751e8b465ee728b)
Start importing Assets/SD Unity-Chan Haon Custom/Animations/Life Simulation(LS)/PropB/RunA(PropB) rigProp.FBX using Guid(f62d37f4ff379f544acccbd7e29c1844) Importer(815301076,1909f56bfc062723c751e8b465ee728b)  -> (artifact id: '717c550c07c2ef05398ef1335fae8b80') in 0.291612 seconds 
========================================================================
Received Import Request.
  Time since last request: 0.102817 seconds.
  path: Assets/SD Unity-Chan Haon Custom/Animations/Common/RunA_Curve_FrontLeft.FBX
  artifactKey: Guid(23416b2e958cfcd4b8947aec2f248a2b) Importer(815301076,1909f56bfc062723c751e8b465ee728b)
Start importing Assets/SD Unity-Chan Haon Custom/Animations/Common/RunA_Curve_FrontLeft.FBX using Guid(23416b2e958cfcd4b8947aec2f248a2b) Importer(815301076,1909f56bfc062723c751e8b465ee728b)  -> (artifact id: 'eaaa2fb83ad7d2011b65fc3320a2df19') in 0.108951 seconds 
========================================================================
Received Import Request.
  Time since last request: 0.432629 seconds.
  path: Assets/SD Unity-Chan Haon Custom/Animations/Common/RunA_Front.FBX
  artifactKey: Guid(bec5f2e4b09995447a8062cc85a1bfc5) Importer(815301076,1909f56bfc062723c751e8b465ee728b)
Start importing Assets/SD Unity-Chan Haon Custom/Animations/Common/RunA_Front.FBX using Guid(bec5f2e4b09995447a8062cc85a1bfc5) Importer(815301076,1909f56bfc062723c751e8b465ee728b)  -> (artifact id: 'bb69d01a620abd82f3dfc41b6dc08c5b') in 0.108842 seconds 
========================================================================
Received Import Request.
  Time since last request: 0.000017 seconds.
  path: Assets/SD Unity-Chan Haon Custom/Animations/WeaponMaster Twin dagger(WTD)/WTD_Run_Front.FBX
  artifactKey: Guid(29cbce5f2f53b804283f3cfba2d9d4d4) Importer(815301076,1909f56bfc062723c751e8b465ee728b)
Start importing Assets/SD Unity-Chan Haon Custom/Animations/WeaponMaster Twin dagger(WTD)/WTD_Run_Front.FBX using Guid(29cbce5f2f53b804283f3cfba2d9d4d4) Importer(815301076,1909f56bfc062723c751e8b465ee728b)  -> (artifact id: '2ed080414ce0d375fe5d11ec8b74b4a4') in 0.115465 seconds 
========================================================================
Received Prepare
Registering precompiled user dll's ...
Registered in 0.002940 seconds.
Begin MonoManager ReloadAssembly
Native extension for WindowsStandalone target not found
Refreshing native plugins compatible for Editor in 0.62 ms, found 2 plugins.
Preloading 0 native plugins for Editor in 0.00 ms.
Mono: successfully reloaded assembly
- Completed reload, in  1.257 seconds
Domain Reload Profiling:
	ReloadAssembly (1258ms)
		BeginReloadAssembly (161ms)
			ExecutionOrderSort (0ms)
			DisableScriptedObjects (5ms)
			BackupInstance (0ms)
			ReleaseScriptingObjects (0ms)
			CreateAndSetChildDomain (39ms)
		EndReloadAssembly (964ms)
			LoadAssemblies (105ms)
			RebuildTransferFunctionScriptingTraits (0ms)
			SetupTypeCache (239ms)
			ReleaseScriptCaches (2ms)
			RebuildScriptCaches (56ms)
			SetupLoadedEditorAssemblies (509ms)
				LogAssemblyErrors (0ms)
				InitializePlatformSupportModulesInManaged (30ms)
				SetLoadedEditorAssemblies (1ms)
				RefreshPlugins (1ms)
				BeforeProcessingInitializeOnLoad (94ms)
				ProcessInitializeOnLoadAttributes (325ms)
				ProcessInitializeOnLoadMethodAttributes (40ms)
				AfterProcessingInitializeOnLoad (18ms)
				EditorAssembliesLoaded (0ms)
			ExecutionOrderSort2 (0ms)
			AwakeInstancesAfterBackupRestoration (10ms)
Platform modules already initialized, skipping
Refreshing native plugins compatible for Editor in 1.62 ms, found 2 plugins.
Preloading 0 native plugins for Editor in 0.00 ms.
Unloading 1816 Unused Serialized files (Serialized files now loaded: 0)
Unloading 123 unused Assets / (20.3 MB). Loaded Objects now: 2275.
Memory consumption went from 144.9 MB to 124.5 MB.
Total: 20.886400 ms (FindLiveObjects: 0.252600 ms CreateObjectMapping: 0.190500 ms MarkObjects: 3.731700 ms  DeleteObjects: 16.709600 ms)

AssetImportParameters requested are different than current active one (requested -> active):
  custom:video-decoder-ogg-theora: a1e56fd34408186e4bbccfd4996cb3dc -> 
  custom:container-muxer-webm: aa71ff27fc2769a1b78a27578f13a17b -> 
  custom:container-demuxer-webm: 4f35f7cbe854078d1ac9338744f61a02 -> 
  custom:video-encoder-webm-vp8: eb34c28f22e8b96e1ab97ce403110664 -> 
  custom:audio-encoder-webm-vorbis: bf7c407c2cedff20999df2af8eb42d56 -> 
  custom:framework-win-MediaFoundation: 216162199b28c13a410421893ffa2e32 -> 
  custom:container-demuxer-ogg: 62fdf1f143b41e24485cea50d1cbac27 -> 
  custom:video-decoder-webm-vp8: 9c59270c3fd7afecdb556c50c9e8de78 -> 
  custom:audio-decoder-ogg-vorbis: bf7c407c2cedff20999df2af8eb42d56 -> 
========================================================================
Received Prepare
Registering precompiled user dll's ...
Registered in 0.002672 seconds.
Begin MonoManager ReloadAssembly
Native extension for WindowsStandalone target not found
Refreshing native plugins compatible for Editor in 0.94 ms, found 2 plugins.
Preloading 0 native plugins for Editor in 0.00 ms.
Mono: successfully reloaded assembly
- Completed reload, in  1.320 seconds
Domain Reload Profiling:
	ReloadAssembly (1322ms)
		BeginReloadAssembly (163ms)
			ExecutionOrderSort (0ms)
			DisableScriptedObjects (8ms)
			BackupInstance (0ms)
			ReleaseScriptingObjects (0ms)
			CreateAndSetChildDomain (35ms)
		EndReloadAssembly (1010ms)
			LoadAssemblies (107ms)
			RebuildTransferFunctionScriptingTraits (0ms)
			SetupTypeCache (255ms)
			ReleaseScriptCaches (1ms)
			RebuildScriptCaches (62ms)
			SetupLoadedEditorAssemblies (525ms)
				LogAssemblyErrors (0ms)
				InitializePlatformSupportModulesInManaged (30ms)
				SetLoadedEditorAssemblies (1ms)
				RefreshPlugins (1ms)
				BeforeProcessingInitializeOnLoad (93ms)
				ProcessInitializeOnLoadAttributes (329ms)
				ProcessInitializeOnLoadMethodAttributes (51ms)
				AfterProcessingInitializeOnLoad (20ms)
				EditorAssembliesLoaded (0ms)
			ExecutionOrderSort2 (0ms)
			AwakeInstancesAfterBackupRestoration (11ms)
Platform modules already initialized, skipping
Refreshing native plugins compatible for Editor in 2.32 ms, found 2 plugins.
Preloading 0 native plugins for Editor in 0.00 ms.
Unloading 1816 Unused Serialized files (Serialized files now loaded: 0)
Unloading 123 unused Assets / (20.4 MB). Loaded Objects now: 2278.
Memory consumption went from 144.9 MB to 124.5 MB.
Total: 18.453600 ms (FindLiveObjects: 0.204100 ms CreateObjectMapping: 0.078900 ms MarkObjects: 2.848800 ms  DeleteObjects: 15.320500 ms)

AssetImportParameters requested are different than current active one (requested -> active):
  custom:video-decoder-ogg-theora: a1e56fd34408186e4bbccfd4996cb3dc -> 
  custom:container-muxer-webm: aa71ff27fc2769a1b78a27578f13a17b -> 
  custom:container-demuxer-webm: 4f35f7cbe854078d1ac9338744f61a02 -> 
  custom:video-encoder-webm-vp8: eb34c28f22e8b96e1ab97ce403110664 -> 
  custom:audio-encoder-webm-vorbis: bf7c407c2cedff20999df2af8eb42d56 -> 
  custom:framework-win-MediaFoundation: 216162199b28c13a410421893ffa2e32 -> 
  custom:container-demuxer-ogg: 62fdf1f143b41e24485cea50d1cbac27 -> 
  custom:video-decoder-webm-vp8: 9c59270c3fd7afecdb556c50c9e8de78 -> 
  custom:audio-decoder-ogg-vorbis: bf7c407c2cedff20999df2af8eb42d56 -> 
========================================================================
Received Prepare
Registering precompiled user dll's ...
Registered in 0.003001 seconds.
Begin MonoManager ReloadAssembly
Native extension for WindowsStandalone target not found
Refreshing native plugins compatible for Editor in 0.49 ms, found 2 plugins.
Preloading 0 native plugins for Editor in 0.00 ms.
Mono: successfully reloaded assembly
- Completed reload, in  1.354 seconds
Domain Reload Profiling:
	ReloadAssembly (1355ms)
		BeginReloadAssembly (181ms)
			ExecutionOrderSort (0ms)
			DisableScriptedObjects (10ms)
			BackupInstance (0ms)
			ReleaseScriptingObjects (0ms)
			CreateAndSetChildDomain (41ms)
		EndReloadAssembly (1020ms)
			LoadAssemblies (118ms)
			RebuildTransferFunctionScriptingTraits (0ms)
			SetupTypeCache (284ms)
			ReleaseScriptCaches (1ms)
			RebuildScriptCaches (58ms)
			SetupLoadedEditorAssemblies (511ms)
				LogAssemblyErrors (0ms)
				InitializePlatformSupportModulesInManaged (26ms)
				SetLoadedEditorAssemblies (1ms)
				RefreshPlugins (1ms)
				BeforeProcessingInitializeOnLoad (85ms)
				ProcessInitializeOnLoadAttributes (328ms)
				ProcessInitializeOnLoadMethodAttributes (50ms)
				AfterProcessingInitializeOnLoad (19ms)
				EditorAssembliesLoaded (0ms)
			ExecutionOrderSort2 (0ms)
			AwakeInstancesAfterBackupRestoration (14ms)
Platform modules already initialized, skipping
Refreshing native plugins compatible for Editor in 1.88 ms, found 2 plugins.
Preloading 0 native plugins for Editor in 0.00 ms.
Unloading 1816 Unused Serialized files (Serialized files now loaded: 0)
Unloading 123 unused Assets / (20.4 MB). Loaded Objects now: 2281.
Memory consumption went from 144.9 MB to 124.5 MB.
Total: 23.659500 ms (FindLiveObjects: 0.279000 ms CreateObjectMapping: 0.116200 ms MarkObjects: 4.559900 ms  DeleteObjects: 18.702500 ms)

AssetImportParameters requested are different than current active one (requested -> active):
  custom:video-decoder-ogg-theora: a1e56fd34408186e4bbccfd4996cb3dc -> 
  custom:container-muxer-webm: aa71ff27fc2769a1b78a27578f13a17b -> 
  custom:container-demuxer-webm: 4f35f7cbe854078d1ac9338744f61a02 -> 
  custom:video-encoder-webm-vp8: eb34c28f22e8b96e1ab97ce403110664 -> 
  custom:audio-encoder-webm-vorbis: bf7c407c2cedff20999df2af8eb42d56 -> 
  custom:framework-win-MediaFoundation: 216162199b28c13a410421893ffa2e32 -> 
  custom:container-demuxer-ogg: 62fdf1f143b41e24485cea50d1cbac27 -> 
  custom:video-decoder-webm-vp8: 9c59270c3fd7afecdb556c50c9e8de78 -> 
  custom:audio-decoder-ogg-vorbis: bf7c407c2cedff20999df2af8eb42d56 -> 
========================================================================
Received Prepare
Registering precompiled user dll's ...
Registered in 0.003616 seconds.
Begin MonoManager ReloadAssembly
Native extension for WindowsStandalone target not found
Refreshing native plugins compatible for Editor in 0.68 ms, found 2 plugins.
Preloading 0 native plugins for Editor in 0.00 ms.
Mono: successfully reloaded assembly
- Completed reload, in  1.462 seconds
Domain Reload Profiling:
	ReloadAssembly (1463ms)
		BeginReloadAssembly (186ms)
			ExecutionOrderSort (0ms)
			DisableScriptedObjects (8ms)
			BackupInstance (0ms)
			ReleaseScriptingObjects (0ms)
			CreateAndSetChildDomain (42ms)
		EndReloadAssembly (1113ms)
			LoadAssemblies (119ms)
			RebuildTransferFunctionScriptingTraits (0ms)
			SetupTypeCache (274ms)
			ReleaseScriptCaches (2ms)
			RebuildScriptCaches (75ms)
			SetupLoadedEditorAssemblies (582ms)
				LogAssemblyErrors (0ms)
				InitializePlatformSupportModulesInManaged (29ms)
				SetLoadedEditorAssemblies (1ms)
				RefreshPlugins (1ms)
				BeforeProcessingInitializeOnLoad (111ms)
				ProcessInitializeOnLoadAttributes (370ms)
				ProcessInitializeOnLoadMethodAttributes (49ms)
				AfterProcessingInitializeOnLoad (22ms)
				EditorAssembliesLoaded (0ms)
			ExecutionOrderSort2 (0ms)
			AwakeInstancesAfterBackupRestoration (14ms)
Platform modules already initialized, skipping
Refreshing native plugins compatible for Editor in 2.61 ms, found 2 plugins.
Preloading 0 native plugins for Editor in 0.00 ms.
Unloading 1816 Unused Serialized files (Serialized files now loaded: 0)
Unloading 123 unused Assets / (20.3 MB). Loaded Objects now: 2284.
Memory consumption went from 144.9 MB to 124.5 MB.
Total: 26.352300 ms (FindLiveObjects: 0.310100 ms CreateObjectMapping: 0.202500 ms MarkObjects: 4.103500 ms  DeleteObjects: 21.733900 ms)

AssetImportParameters requested are different than current active one (requested -> active):
  custom:video-decoder-ogg-theora: a1e56fd34408186e4bbccfd4996cb3dc -> 
  custom:container-muxer-webm: aa71ff27fc2769a1b78a27578f13a17b -> 
  custom:container-demuxer-webm: 4f35f7cbe854078d1ac9338744f61a02 -> 
  custom:video-encoder-webm-vp8: eb34c28f22e8b96e1ab97ce403110664 -> 
  custom:audio-encoder-webm-vorbis: bf7c407c2cedff20999df2af8eb42d56 -> 
  custom:framework-win-MediaFoundation: 216162199b28c13a410421893ffa2e32 -> 
  custom:container-demuxer-ogg: 62fdf1f143b41e24485cea50d1cbac27 -> 
  custom:video-decoder-webm-vp8: 9c59270c3fd7afecdb556c50c9e8de78 -> 
  custom:audio-decoder-ogg-vorbis: bf7c407c2cedff20999df2af8eb42d56 -> 
========================================================================
Received Prepare
Registering precompiled user dll's ...
Registered in 0.002866 seconds.
Begin MonoManager ReloadAssembly
Native extension for WindowsStandalone target not found
Refreshing native plugins compatible for Editor in 0.77 ms, found 2 plugins.
Preloading 0 native plugins for Editor in 0.00 ms.
Mono: successfully reloaded assembly
- Completed reload, in  1.490 seconds
Domain Reload Profiling:
	ReloadAssembly (1492ms)
		BeginReloadAssembly (179ms)
			ExecutionOrderSort (0ms)
			DisableScriptedObjects (8ms)
			BackupInstance (0ms)
			ReleaseScriptingObjects (0ms)
			CreateAndSetChildDomain (47ms)
		EndReloadAssembly (1160ms)
			LoadAssemblies (107ms)
			RebuildTransferFunctionScriptingTraits (0ms)
			SetupTypeCache (266ms)
			ReleaseScriptCaches (1ms)
			RebuildScriptCaches (62ms)
			SetupLoadedEditorAssemblies (651ms)
				LogAssemblyErrors (0ms)
				InitializePlatformSupportModulesInManaged (23ms)
				SetLoadedEditorAssemblies (1ms)
				RefreshPlugins (1ms)
				BeforeProcessingInitializeOnLoad (74ms)
				ProcessInitializeOnLoadAttributes (451ms)
				ProcessInitializeOnLoadMethodAttributes (75ms)
				AfterProcessingInitializeOnLoad (26ms)
				EditorAssembliesLoaded (0ms)
			ExecutionOrderSort2 (0ms)
			AwakeInstancesAfterBackupRestoration (20ms)
Platform modules already initialized, skipping
Refreshing native plugins compatible for Editor in 4.47 ms, found 2 plugins.
Preloading 0 native plugins for Editor in 0.00 ms.
Unloading 1816 Unused Serialized files (Serialized files now loaded: 0)
Unloading 123 unused Assets / (20.4 MB). Loaded Objects now: 2287.
Memory consumption went from 144.9 MB to 124.5 MB.
Total: 45.619500 ms (FindLiveObjects: 0.438400 ms CreateObjectMapping: 0.258000 ms MarkObjects: 8.962500 ms  DeleteObjects: 35.958500 ms)

AssetImportParameters requested are different than current active one (requested -> active):
  custom:video-decoder-ogg-theora: a1e56fd34408186e4bbccfd4996cb3dc -> 
  custom:container-muxer-webm: aa71ff27fc2769a1b78a27578f13a17b -> 
  custom:container-demuxer-webm: 4f35f7cbe854078d1ac9338744f61a02 -> 
  custom:video-encoder-webm-vp8: eb34c28f22e8b96e1ab97ce403110664 -> 
  custom:audio-encoder-webm-vorbis: bf7c407c2cedff20999df2af8eb42d56 -> 
  custom:framework-win-MediaFoundation: 216162199b28c13a410421893ffa2e32 -> 
  custom:container-demuxer-ogg: 62fdf1f143b41e24485cea50d1cbac27 -> 
  custom:video-decoder-webm-vp8: 9c59270c3fd7afecdb556c50c9e8de78 -> 
  custom:audio-decoder-ogg-vorbis: bf7c407c2cedff20999df2af8eb42d56 -> 
