Using pre-set license
Built from '2021.3/staging' branch; Version is '2021.3.2f1 (d6360bedb9a0) revision 14038539'; Using compiler version '192829333'; Build Type 'Release'
OS: 'Windows 10  (10.0.19043) 64bit Core' Language: 'zh' Physical Memory: 16339 MB
BatchMode: 1, IsHumanControllingUs: 0, StartBugReporterOnCrash: 0, Is64bit: 1, IsPro: 1

COMMAND LINE ARGUMENTS:
C:\Program Files\Unity\Hub\Editor\2021.3.2f1\Editor\Unity.exe
-adb2
-batchMode
-noUpm
-name
AssetImportWorker0
-projectPath
D:/unity_workspace/Final_Project
-logFile
Logs/AssetImportWorker0.log
-srvPort
60858
Successfully changed project path to: D:/unity_workspace/Final_Project
D:/unity_workspace/Final_Project
[UnityMemory] Configuration Parameters - Can be set up in boot.config
    "memorysetup-bucket-allocator-granularity=16"
    "memorysetup-bucket-allocator-bucket-count=8"
    "memorysetup-bucket-allocator-block-size=33554432"
    "memorysetup-bucket-allocator-block-count=8"
    "memorysetup-main-allocator-block-size=16777216"
    "memorysetup-thread-allocator-block-size=16777216"
    "memorysetup-gfx-main-allocator-block-size=16777216"
    "memorysetup-gfx-thread-allocator-block-size=16777216"
    "memorysetup-cache-allocator-block-size=4194304"
    "memorysetup-typetree-allocator-block-size=2097152"
    "memorysetup-profiler-bucket-allocator-granularity=16"
    "memorysetup-profiler-bucket-allocator-bucket-count=8"
    "memorysetup-profiler-bucket-allocator-block-size=33554432"
    "memorysetup-profiler-bucket-allocator-block-count=8"
    "memorysetup-profiler-allocator-block-size=16777216"
    "memorysetup-profiler-editor-allocator-block-size=1048576"
    "memorysetup-temp-allocator-size-main=16777216"
    "memorysetup-job-temp-allocator-block-size=2097152"
    "memorysetup-job-temp-allocator-block-size-background=1048576"
    "memorysetup-job-temp-allocator-reduction-small-platforms=262144"
    "memorysetup-temp-allocator-size-background-worker=32768"
    "memorysetup-temp-allocator-size-job-worker=262144"
    "memorysetup-temp-allocator-size-preload-manager=33554432"
    "memorysetup-temp-allocator-size-nav-mesh-worker=65536"
    "memorysetup-temp-allocator-size-audio-worker=65536"
    "memorysetup-temp-allocator-size-cloud-worker=32768"
    "memorysetup-temp-allocator-size-gi-baking-worker=262144"
    "memorysetup-temp-allocator-size-gfx=262144"
Refreshing native plugins compatible for Editor in 35.31 ms, found 2 plugins.
Preloading 0 native plugins for Editor in 0.00 ms.
Initialize engine version: 2021.3.2f1 (d6360bedb9a0)
[Subsystems] Discovering subsystems at path C:/Program Files/Unity/Hub/Editor/2021.3.2f1/Editor/Data/Resources/UnitySubsystems
[Subsystems] Discovering subsystems at path D:/unity_workspace/Final_Project/Assets
GfxDevice: creating device client; threaded=0; jobified=0
Direct3D:
    Version:  Direct3D 11.0 [level 11.1]
    Renderer: NVIDIA GeForce GTX 1060 (ID=0x1c20)
    Vendor:   NVIDIA
    VRAM:     6052 MB
    Driver:   27.21.14.5167
Initialize mono
Mono path[0] = 'C:/Program Files/Unity/Hub/Editor/2021.3.2f1/Editor/Data/Managed'
Mono path[1] = 'C:/Program Files/Unity/Hub/Editor/2021.3.2f1/Editor/Data/MonoBleedingEdge/lib/mono/unityjit-win32'
Mono config path = 'C:/Program Files/Unity/Hub/Editor/2021.3.2f1/Editor/Data/MonoBleedingEdge/etc'
Using monoOptions --debugger-agent=transport=dt_socket,embedding=1,server=y,suspend=n,address=127.0.0.1:56136
Begin MonoManager ReloadAssembly
Registering precompiled unity dll's ...
Register platform support module: C:/Program Files/Unity/Hub/Editor/2021.3.2f1/Editor/Data/PlaybackEngines/WindowsStandaloneSupport/UnityEditor.WindowsStandalone.Extensions.dll
Registered in 0.010141 seconds.
Native extension for WindowsStandalone target not found
Refreshing native plugins compatible for Editor in 40.01 ms, found 2 plugins.
Preloading 0 native plugins for Editor in 0.00 ms.
Mono: successfully reloaded assembly
- Completed reload, in  0.831 seconds
Domain Reload Profiling:
	ReloadAssembly (832ms)
		BeginReloadAssembly (104ms)
			ExecutionOrderSort (0ms)
			DisableScriptedObjects (0ms)
			BackupInstance (0ms)
			ReleaseScriptingObjects (0ms)
			CreateAndSetChildDomain (1ms)
		EndReloadAssembly (549ms)
			LoadAssemblies (100ms)
			RebuildTransferFunctionScriptingTraits (0ms)
			SetupTypeCache (146ms)
			ReleaseScriptCaches (0ms)
			RebuildScriptCaches (44ms)
			SetupLoadedEditorAssemblies (284ms)
				LogAssemblyErrors (0ms)
				InitializePlatformSupportModulesInManaged (12ms)
				SetLoadedEditorAssemblies (0ms)
				RefreshPlugins (40ms)
				BeforeProcessingInitializeOnLoad (2ms)
				ProcessInitializeOnLoadAttributes (170ms)
				ProcessInitializeOnLoadMethodAttributes (59ms)
				AfterProcessingInitializeOnLoad (0ms)
				EditorAssembliesLoaded (0ms)
			ExecutionOrderSort2 (0ms)
			AwakeInstancesAfterBackupRestoration (0ms)
Platform modules already initialized, skipping
Registering precompiled user dll's ...
Registered in 0.003141 seconds.
Begin MonoManager ReloadAssembly
Native extension for WindowsStandalone target not found
Refreshing native plugins compatible for Editor in 0.44 ms, found 2 plugins.
Preloading 0 native plugins for Editor in 0.00 ms.
Mono: successfully reloaded assembly
- Completed reload, in  1.147 seconds
Domain Reload Profiling:
	ReloadAssembly (1148ms)
		BeginReloadAssembly (158ms)
			ExecutionOrderSort (0ms)
			DisableScriptedObjects (9ms)
			BackupInstance (0ms)
			ReleaseScriptingObjects (0ms)
			CreateAndSetChildDomain (22ms)
		EndReloadAssembly (818ms)
			LoadAssemblies (93ms)
			RebuildTransferFunctionScriptingTraits (0ms)
			SetupTypeCache (228ms)
			ReleaseScriptCaches (0ms)
			RebuildScriptCaches (63ms)
			SetupLoadedEditorAssemblies (391ms)
				LogAssemblyErrors (0ms)
				InitializePlatformSupportModulesInManaged (11ms)
				SetLoadedEditorAssemblies (1ms)
				RefreshPlugins (1ms)
				BeforeProcessingInitializeOnLoad (77ms)
				ProcessInitializeOnLoadAttributes (257ms)
				ProcessInitializeOnLoadMethodAttributes (32ms)
				AfterProcessingInitializeOnLoad (13ms)
				EditorAssembliesLoaded (0ms)
			ExecutionOrderSort2 (0ms)
			AwakeInstancesAfterBackupRestoration (10ms)
Platform modules already initialized, skipping
========================================================================
Worker process is ready to serve import requests
Launched and connected shader compiler UnityShaderCompiler.exe after 0.08 seconds
Refreshing native plugins compatible for Editor in 0.63 ms, found 2 plugins.
Preloading 0 native plugins for Editor in 0.00 ms.
Unloading 1719 Unused Serialized files (Serialized files now loaded: 0)
Unloading 18 unused Assets / (21.9 KB). Loaded Objects now: 2207.
Memory consumption went from 94.3 MB to 94.2 MB.
Total: 4.556700 ms (FindLiveObjects: 0.194000 ms CreateObjectMapping: 0.120800 ms MarkObjects: 4.190700 ms  DeleteObjects: 0.049000 ms)

AssetImportParameters requested are different than current active one (requested -> active):
  custom:video-decoder-ogg-theora: a1e56fd34408186e4bbccfd4996cb3dc -> 
  custom:container-muxer-webm: aa71ff27fc2769a1b78a27578f13a17b -> 
  custom:container-demuxer-webm: 4f35f7cbe854078d1ac9338744f61a02 -> 
  custom:video-encoder-webm-vp8: eb34c28f22e8b96e1ab97ce403110664 -> 
  custom:audio-encoder-webm-vorbis: bf7c407c2cedff20999df2af8eb42d56 -> 
  custom:framework-win-MediaFoundation: 216162199b28c13a410421893ffa2e32 -> 
  custom:container-demuxer-ogg: 62fdf1f143b41e24485cea50d1cbac27 -> 
  custom:video-decoder-webm-vp8: 9c59270c3fd7afecdb556c50c9e8de78 -> 
  custom:audio-decoder-ogg-vorbis: bf7c407c2cedff20999df2af8eb42d56 -> 
========================================================================
Received Import Request.
  Time since last request: 357117.234408 seconds.
  path: Assets/New Terrain.asset
  artifactKey: Guid(d3296494fd7d1f24090f0c3771d875ba) Importer(815301076,1909f56bfc062723c751e8b465ee728b)
Start importing Assets/New Terrain.asset using Guid(d3296494fd7d1f24090f0c3771d875ba) Importer(815301076,1909f56bfc062723c751e8b465ee728b)  -> (artifact id: '47d69db3b7f8b662ef9912bda2f9f1be') in 0.056810 seconds 
========================================================================
Received Prepare
Registering precompiled user dll's ...
Registered in 0.004401 seconds.
Begin MonoManager ReloadAssembly
Native extension for WindowsStandalone target not found
Refreshing native plugins compatible for Editor in 0.46 ms, found 2 plugins.
Preloading 0 native plugins for Editor in 0.00 ms.
Mono: successfully reloaded assembly
- Completed reload, in  2.223 seconds
Domain Reload Profiling:
	ReloadAssembly (2224ms)
		BeginReloadAssembly (1153ms)
			ExecutionOrderSort (0ms)
			DisableScriptedObjects (47ms)
			BackupInstance (0ms)
			ReleaseScriptingObjects (0ms)
			CreateAndSetChildDomain (255ms)
		EndReloadAssembly (885ms)
			LoadAssemblies (695ms)
			RebuildTransferFunctionScriptingTraits (0ms)
			SetupTypeCache (267ms)
			ReleaseScriptCaches (1ms)
			RebuildScriptCaches (54ms)
			SetupLoadedEditorAssemblies (413ms)
				LogAssemblyErrors (0ms)
				InitializePlatformSupportModulesInManaged (21ms)
				SetLoadedEditorAssemblies (1ms)
				RefreshPlugins (1ms)
				BeforeProcessingInitializeOnLoad (80ms)
				ProcessInitializeOnLoadAttributes (257ms)
				ProcessInitializeOnLoadMethodAttributes (39ms)
				AfterProcessingInitializeOnLoad (13ms)
				EditorAssembliesLoaded (0ms)
			ExecutionOrderSort2 (0ms)
			AwakeInstancesAfterBackupRestoration (9ms)
Platform modules already initialized, skipping
Refreshing native plugins compatible for Editor in 5.00 ms, found 2 plugins.
Preloading 0 native plugins for Editor in 0.00 ms.
Unloading 1816 Unused Serialized files (Serialized files now loaded: 0)
Unloading 124 unused Assets / (20.7 MB). Loaded Objects now: 2214.
Memory consumption went from 126.3 MB to 105.6 MB.
Total: 474.885000 ms (FindLiveObjects: 1.688000 ms CreateObjectMapping: 0.192400 ms MarkObjects: 333.342000 ms  DeleteObjects: 139.660100 ms)

AssetImportParameters requested are different than current active one (requested -> active):
  custom:video-decoder-ogg-theora: a1e56fd34408186e4bbccfd4996cb3dc -> 
  custom:container-muxer-webm: aa71ff27fc2769a1b78a27578f13a17b -> 
  custom:container-demuxer-webm: 4f35f7cbe854078d1ac9338744f61a02 -> 
  custom:video-encoder-webm-vp8: eb34c28f22e8b96e1ab97ce403110664 -> 
  custom:audio-encoder-webm-vorbis: bf7c407c2cedff20999df2af8eb42d56 -> 
  custom:framework-win-MediaFoundation: 216162199b28c13a410421893ffa2e32 -> 
  custom:container-demuxer-ogg: 62fdf1f143b41e24485cea50d1cbac27 -> 
  custom:video-decoder-webm-vp8: 9c59270c3fd7afecdb556c50c9e8de78 -> 
  custom:audio-decoder-ogg-vorbis: bf7c407c2cedff20999df2af8eb42d56 -> 
========================================================================
Received Import Request.
  Time since last request: 147.041550 seconds.
  path: Assets/SD Unity-Chan Haon Custom/Models
  artifactKey: Guid(8f48fb03f61275b4a84ee2c85d246bcc) Importer(815301076,1909f56bfc062723c751e8b465ee728b)
Start importing Assets/SD Unity-Chan Haon Custom/Models using Guid(8f48fb03f61275b4a84ee2c85d246bcc) Importer(815301076,1909f56bfc062723c751e8b465ee728b)  -> (artifact id: '6f6add7a3b6068c6a6c1babc66597919') in 0.005745 seconds 
========================================================================
Received Import Request.
  Time since last request: 1.360166 seconds.
  path: Assets/SD Unity-Chan Haon Custom/Models/Parts
  artifactKey: Guid(e6f96d323ce3bcd4380ed7b2539d4b23) Importer(815301076,1909f56bfc062723c751e8b465ee728b)
Start importing Assets/SD Unity-Chan Haon Custom/Models/Parts using Guid(e6f96d323ce3bcd4380ed7b2539d4b23) Importer(815301076,1909f56bfc062723c751e8b465ee728b)  -> (artifact id: 'e5573c517017ab1b44ca83f3247d1c02') in 0.003182 seconds 
========================================================================
Received Import Request.
  Time since last request: 0.070374 seconds.
  path: Assets/SD Unity-Chan Haon Custom/Models/Parts/Accessory_00.fbx
  artifactKey: Guid(f6a92ea2a0c495f458a00ff908e394e3) Importer(815301076,1909f56bfc062723c751e8b465ee728b)
Start importing Assets/SD Unity-Chan Haon Custom/Models/Parts/Accessory_00.fbx using Guid(f6a92ea2a0c495f458a00ff908e394e3) Importer(815301076,1909f56bfc062723c751e8b465ee728b)  -> (artifact id: '27d77150e9cfdc8f05fe110e5baf9a72') in 0.161792 seconds 
========================================================================
Received Import Request.
  Time since last request: 0.000038 seconds.
  path: Assets/SD Unity-Chan Haon Custom/Models/Parts/EyeLight_02_L.fbx
  artifactKey: Guid(040243e6c1a99954f8f374657c13f19d) Importer(815301076,1909f56bfc062723c751e8b465ee728b)
Start importing Assets/SD Unity-Chan Haon Custom/Models/Parts/EyeLight_02_L.fbx using Guid(040243e6c1a99954f8f374657c13f19d) Importer(815301076,1909f56bfc062723c751e8b465ee728b)  -> (artifact id: 'b089f5db8c98c739ab9912946515e98f') in 0.517573 seconds 
========================================================================
Received Import Request.
  Time since last request: 0.000031 seconds.
  path: Assets/SD Unity-Chan Haon Custom/Models/Parts/EyeLight_00_R.fbx
  artifactKey: Guid(d0d3992b3ab5d664f86ebedbc2f7f32c) Importer(815301076,1909f56bfc062723c751e8b465ee728b)
Start importing Assets/SD Unity-Chan Haon Custom/Models/Parts/EyeLight_00_R.fbx using Guid(d0d3992b3ab5d664f86ebedbc2f7f32c) Importer(815301076,1909f56bfc062723c751e8b465ee728b)  -> (artifact id: '4368f8f006674d4fb1e9929a85c84dfc') in 0.027952 seconds 
========================================================================
Received Import Request.
  Time since last request: 0.000036 seconds.
  path: Assets/SD Unity-Chan Haon Custom/Models/Parts/EyeLight_02_R.fbx
  artifactKey: Guid(9c92d641718bd7944bc1c13062d8a562) Importer(815301076,1909f56bfc062723c751e8b465ee728b)
Start importing Assets/SD Unity-Chan Haon Custom/Models/Parts/EyeLight_02_R.fbx using Guid(9c92d641718bd7944bc1c13062d8a562) Importer(815301076,1909f56bfc062723c751e8b465ee728b)  -> (artifact id: '0ee08b466ab4efaedd65ffe63618cd83') in 0.031515 seconds 
========================================================================
Received Import Request.
  Time since last request: 0.000027 seconds.
  path: Assets/SD Unity-Chan Haon Custom/Models/Parts/Eye_01_R.fbx
  artifactKey: Guid(3c36a19694fa33d4f8972df9cab583c5) Importer(815301076,1909f56bfc062723c751e8b465ee728b)
Start importing Assets/SD Unity-Chan Haon Custom/Models/Parts/Eye_01_R.fbx using Guid(3c36a19694fa33d4f8972df9cab583c5) Importer(815301076,1909f56bfc062723c751e8b465ee728b)  -> (artifact id: '15c60a770296bdea384fb78e463181fd') in 0.040261 seconds 
========================================================================
Received Import Request.
  Time since last request: 0.000027 seconds.
  path: Assets/SD Unity-Chan Haon Custom/Models/Parts/Hair_00_Base.fbx
  artifactKey: Guid(2e82b72d6ee6004469434238fcc4887a) Importer(815301076,1909f56bfc062723c751e8b465ee728b)
Start importing Assets/SD Unity-Chan Haon Custom/Models/Parts/Hair_00_Base.fbx using Guid(2e82b72d6ee6004469434238fcc4887a) Importer(815301076,1909f56bfc062723c751e8b465ee728b)  -> (artifact id: '2c57ff7b8cf91de4dec9d0e22259f67a') in 0.048567 seconds 
========================================================================
Received Import Request.
  Time since last request: 0.000022 seconds.
  path: Assets/SD Unity-Chan Haon Custom/Models/Parts/Hair_02_Base.fbx
  artifactKey: Guid(a146594ebbaebc84a801b8e87505f844) Importer(815301076,1909f56bfc062723c751e8b465ee728b)
Start importing Assets/SD Unity-Chan Haon Custom/Models/Parts/Hair_02_Base.fbx using Guid(a146594ebbaebc84a801b8e87505f844) Importer(815301076,1909f56bfc062723c751e8b465ee728b)  -> (artifact id: '81c8ec503f9e0797d5edd839bc726ccc') in 0.036302 seconds 
========================================================================
Received Import Request.
  Time since last request: 0.000041 seconds.
  path: Assets/SD Unity-Chan Haon Custom/Models/Parts/Costume_03.fbx
  artifactKey: Guid(e2425d323ad15a14db2323ecd7b462ac) Importer(815301076,1909f56bfc062723c751e8b465ee728b)
Start importing Assets/SD Unity-Chan Haon Custom/Models/Parts/Costume_03.fbx using Guid(e2425d323ad15a14db2323ecd7b462ac) Importer(815301076,1909f56bfc062723c751e8b465ee728b)  -> (artifact id: 'cd5f7eee31f86418242a524d9da86c20') in 0.056422 seconds 
========================================================================
Received Import Request.
  Time since last request: 0.000052 seconds.
  path: Assets/SD Unity-Chan Haon Custom/Models/Parts/Hair_01_Base.fbx
  artifactKey: Guid(0001e8f856c67ce4cbd40fee65534082) Importer(815301076,1909f56bfc062723c751e8b465ee728b)
Start importing Assets/SD Unity-Chan Haon Custom/Models/Parts/Hair_01_Base.fbx using Guid(0001e8f856c67ce4cbd40fee65534082) Importer(815301076,1909f56bfc062723c751e8b465ee728b)  -> (artifact id: '8046de764f04373c00de9a1a2ea61361') in 0.034904 seconds 
========================================================================
Received Import Request.
  Time since last request: 0.000041 seconds.
  path: Assets/SD Unity-Chan Haon Custom/Models/Parts/Costume_02.fbx
  artifactKey: Guid(dd4802cc7972ecb4699ed0b29916793f) Importer(815301076,1909f56bfc062723c751e8b465ee728b)
Start importing Assets/SD Unity-Chan Haon Custom/Models/Parts/Costume_02.fbx using Guid(dd4802cc7972ecb4699ed0b29916793f) Importer(815301076,1909f56bfc062723c751e8b465ee728b)  -> (artifact id: '65def60ff8c2be9672fc773ced358b66') in 0.052888 seconds 
========================================================================
Received Import Request.
  Time since last request: 0.000038 seconds.
  path: Assets/SD Unity-Chan Haon Custom/Models/Parts/EyeLight_01_L.fbx
  artifactKey: Guid(a5ef0863cbef51144b0d036586e669ba) Importer(815301076,1909f56bfc062723c751e8b465ee728b)
Start importing Assets/SD Unity-Chan Haon Custom/Models/Parts/EyeLight_01_L.fbx using Guid(a5ef0863cbef51144b0d036586e669ba) Importer(815301076,1909f56bfc062723c751e8b465ee728b)  -> (artifact id: 'fb6a1f8e4df9d5a12a3ab33d54807e56') in 0.027099 seconds 
========================================================================
Received Import Request.
  Time since last request: 0.000042 seconds.
  path: Assets/SD Unity-Chan Haon Custom/Models/Parts/Eye_00_L.fbx
  artifactKey: Guid(ddd8fa7b3e90f5a47ac055791c33cd33) Importer(815301076,1909f56bfc062723c751e8b465ee728b)
Start importing Assets/SD Unity-Chan Haon Custom/Models/Parts/Eye_00_L.fbx using Guid(ddd8fa7b3e90f5a47ac055791c33cd33) Importer(815301076,1909f56bfc062723c751e8b465ee728b)  -> (artifact id: '4a9e14b3503457e54d7fd86023e77a49') in 0.039621 seconds 
========================================================================
Received Import Request.
  Time since last request: 0.000035 seconds.
  path: Assets/SD Unity-Chan Haon Custom/Models/Parts/EyeLight_01_R.fbx
  artifactKey: Guid(9f5f7a3051964b14d8eb48a0ba574e3f) Importer(815301076,1909f56bfc062723c751e8b465ee728b)
Start importing Assets/SD Unity-Chan Haon Custom/Models/Parts/EyeLight_01_R.fbx using Guid(9f5f7a3051964b14d8eb48a0ba574e3f) Importer(815301076,1909f56bfc062723c751e8b465ee728b)  -> (artifact id: 'c0ecf455511d941f25d3fdd1ac1bee89') in 0.027327 seconds 
========================================================================
Received Import Request.
  Time since last request: 0.000027 seconds.
  path: Assets/SD Unity-Chan Haon Custom/Models/Parts/Eye_01_L.fbx
  artifactKey: Guid(2f676b8f712ef0f40825ad6df2132f8d) Importer(815301076,1909f56bfc062723c751e8b465ee728b)
Start importing Assets/SD Unity-Chan Haon Custom/Models/Parts/Eye_01_L.fbx using Guid(2f676b8f712ef0f40825ad6df2132f8d) Importer(815301076,1909f56bfc062723c751e8b465ee728b)  -> (artifact id: '81ebffecf82334d1859bb4b46be7f64c') in 0.036945 seconds 
========================================================================
Received Import Request.
  Time since last request: 1.768606 seconds.
  path: Assets/SD Unity-Chan Haon Custom/Models/Parts/Hair_02_Front.fbx
  artifactKey: Guid(cade0cf166c5da34681e0c24647b45a1) Importer(815301076,1909f56bfc062723c751e8b465ee728b)
Start importing Assets/SD Unity-Chan Haon Custom/Models/Parts/Hair_02_Front.fbx using Guid(cade0cf166c5da34681e0c24647b45a1) Importer(815301076,1909f56bfc062723c751e8b465ee728b)  -> (artifact id: '7a13b587370f246c361cd6636daf6db2') in 0.028097 seconds 
========================================================================
Received Import Request.
  Time since last request: 3.024227 seconds.
  path: Assets/SD Unity-Chan Haon Custom/Models/Prop
  artifactKey: Guid(ef36a737244ba374c9868e32ef560184) Importer(815301076,1909f56bfc062723c751e8b465ee728b)
Start importing Assets/SD Unity-Chan Haon Custom/Models/Prop using Guid(ef36a737244ba374c9868e32ef560184) Importer(815301076,1909f56bfc062723c751e8b465ee728b)  -> (artifact id: '1bab13b218052e84342e7f9e2922c4ab') in 0.002500 seconds 
========================================================================
Received Import Request.
  Time since last request: 0.061532 seconds.
  path: Assets/SD Unity-Chan Haon Custom/Models/Prop/Prop_03_GreatSword.FBX
  artifactKey: Guid(00ee1ce116088f34f8e78f315f67212e) Importer(815301076,1909f56bfc062723c751e8b465ee728b)
Start importing Assets/SD Unity-Chan Haon Custom/Models/Prop/Prop_03_GreatSword.FBX using Guid(00ee1ce116088f34f8e78f315f67212e) Importer(815301076,1909f56bfc062723c751e8b465ee728b)  -> (artifact id: '6cd9547b97fa80e5664999e1e826deb1') in 0.027340 seconds 
========================================================================
Received Import Request.
  Time since last request: 0.000016 seconds.
  path: Assets/SD Unity-Chan Haon Custom/Models/Prop/Prop_R_Pickax_00_dummy.FBX
  artifactKey: Guid(3e8bab9e323b2514192d52b0cb710510) Importer(815301076,1909f56bfc062723c751e8b465ee728b)
Start importing Assets/SD Unity-Chan Haon Custom/Models/Prop/Prop_R_Pickax_00_dummy.FBX using Guid(3e8bab9e323b2514192d52b0cb710510) Importer(815301076,1909f56bfc062723c751e8b465ee728b)  -> (artifact id: '76dd487b7f2222091324418005a5c307') in 0.085526 seconds 
========================================================================
Received Import Request.
  Time since last request: 0.000018 seconds.
  path: Assets/SD Unity-Chan Haon Custom/Models/Prop/Prop_04_R_TwinDagger.FBX
  artifactKey: Guid(c0ebdb230c595b04cb736b16f37c59c4) Importer(815301076,1909f56bfc062723c751e8b465ee728b)
Start importing Assets/SD Unity-Chan Haon Custom/Models/Prop/Prop_04_R_TwinDagger.FBX using Guid(c0ebdb230c595b04cb736b16f37c59c4) Importer(815301076,1909f56bfc062723c751e8b465ee728b)  -> (artifact id: 'dc9cbfc448b49373b709492a786a94ef') in 0.029780 seconds 
========================================================================
Received Import Request.
  Time since last request: 1.907153 seconds.
  path: Assets/SD Unity-Chan Haon Custom/Models/rigProp
  artifactKey: Guid(b74546405b63d414b9a0c0ca9cdede08) Importer(815301076,1909f56bfc062723c751e8b465ee728b)
Start importing Assets/SD Unity-Chan Haon Custom/Models/rigProp using Guid(b74546405b63d414b9a0c0ca9cdede08) Importer(815301076,1909f56bfc062723c751e8b465ee728b)  -> (artifact id: '3ab4a24fc30cc8a9bcf1fcd616728b4b') in 0.002664 seconds 
========================================================================
Received Import Request.
  Time since last request: 0.051132 seconds.
  path: Assets/SD Unity-Chan Haon Custom/Models/rigProp/RigProp_R_FishingRod_00_dummy.FBX
  artifactKey: Guid(f05a18b4b843c3f46a2adf89526d16c9) Importer(815301076,1909f56bfc062723c751e8b465ee728b)
Start importing Assets/SD Unity-Chan Haon Custom/Models/rigProp/RigProp_R_FishingRod_00_dummy.FBX using Guid(f05a18b4b843c3f46a2adf89526d16c9) Importer(815301076,1909f56bfc062723c751e8b465ee728b)  -> (artifact id: 'f2aa2c62076b4f21be26734184c1f293') in 0.028052 seconds 
========================================================================
Received Import Request.
  Time since last request: 0.000048 seconds.
  path: Assets/SD Unity-Chan Haon Custom/Models/rigProp/RigProp_R_Umbrella_00_dummy.FBX
  artifactKey: Guid(9a198bea6d4318d498bb767996f7d68d) Importer(815301076,1909f56bfc062723c751e8b465ee728b)
Start importing Assets/SD Unity-Chan Haon Custom/Models/rigProp/RigProp_R_Umbrella_00_dummy.FBX using Guid(9a198bea6d4318d498bb767996f7d68d) Importer(815301076,1909f56bfc062723c751e8b465ee728b)  -> (artifact id: 'c99526b51f45bf9aa851cf4008a4f856') in 0.036022 seconds 
========================================================================
Received Import Request.
  Time since last request: 5.095302 seconds.
  path: Assets/SD Unity-Chan Haon Custom/Scenes
  artifactKey: Guid(28ea380cc2b44dd4da6a2f9994fbe29d) Importer(815301076,1909f56bfc062723c751e8b465ee728b)
Start importing Assets/SD Unity-Chan Haon Custom/Scenes using Guid(28ea380cc2b44dd4da6a2f9994fbe29d) Importer(815301076,1909f56bfc062723c751e8b465ee728b)  -> (artifact id: '0dffe807b2101acc4a7689eab1c2a041') in 0.001826 seconds 
========================================================================
Received Import Request.
  Time since last request: 2.920839 seconds.
  path: Assets/SD Unity-Chan Haon Custom/Shader
  artifactKey: Guid(d548fa5a2a57ffd45a54503710b671ae) Importer(815301076,1909f56bfc062723c751e8b465ee728b)
Start importing Assets/SD Unity-Chan Haon Custom/Shader using Guid(d548fa5a2a57ffd45a54503710b671ae) Importer(815301076,1909f56bfc062723c751e8b465ee728b)  -> (artifact id: '78c1d1eb09ce39156685a5e5494482ca') in 0.001710 seconds 
========================================================================
Received Import Request.
  Time since last request: 2.150374 seconds.
  path: Assets/SD Unity-Chan Haon Custom/Shader/Unity-chan Toon Shader Ver 2.0.6
  artifactKey: Guid(4e8f2b6663c51e04492c15b1d932acf1) Importer(815301076,1909f56bfc062723c751e8b465ee728b)
Start importing Assets/SD Unity-Chan Haon Custom/Shader/Unity-chan Toon Shader Ver 2.0.6 using Guid(4e8f2b6663c51e04492c15b1d932acf1) Importer(815301076,1909f56bfc062723c751e8b465ee728b)  -> (artifact id: '180e548f678475ce8e984922bdbde7e9') in 0.002582 seconds 
========================================================================
Received Import Request.
  Time since last request: 2.838539 seconds.
  path: Assets/SD Unity-Chan Haon Custom/Shader/Unity-chan Toon Shader Ver 2.0.6/UCTS_DoubleShadeWithFeather.cginc
  artifactKey: Guid(80bd7ce6cad775a4e9de24e18eb5e61e) Importer(815301076,1909f56bfc062723c751e8b465ee728b)
Start importing Assets/SD Unity-Chan Haon Custom/Shader/Unity-chan Toon Shader Ver 2.0.6/UCTS_DoubleShadeWithFeather.cginc using Guid(80bd7ce6cad775a4e9de24e18eb5e61e) Importer(815301076,1909f56bfc062723c751e8b465ee728b)  -> (artifact id: '0a2cf57d47d1a5e30f601e74d865c27e') in 0.005551 seconds 
========================================================================
Received Import Request.
  Time since last request: 0.000039 seconds.
  path: Assets/SD Unity-Chan Haon Custom/Shader/Unity-chan Toon Shader Ver 2.0.6/UCTS_Outline2.cginc
  artifactKey: Guid(2f38ba0c783d36e49b5fb701207c15c0) Importer(815301076,1909f56bfc062723c751e8b465ee728b)
Start importing Assets/SD Unity-Chan Haon Custom/Shader/Unity-chan Toon Shader Ver 2.0.6/UCTS_Outline2.cginc using Guid(2f38ba0c783d36e49b5fb701207c15c0) Importer(815301076,1909f56bfc062723c751e8b465ee728b)  -> (artifact id: 'cc4094fe5bb734f12b4db65376a069bb') in 0.003005 seconds 
========================================================================
Received Import Request.
  Time since last request: 0.000026 seconds.
  path: Assets/SD Unity-Chan Haon Custom/Shader/Unity-chan Toon Shader Ver 2.0.6/UCTS_ShadingGradeMap.cginc
  artifactKey: Guid(eca315d4d2d36194b8be3cf2a6869762) Importer(815301076,1909f56bfc062723c751e8b465ee728b)
Start importing Assets/SD Unity-Chan Haon Custom/Shader/Unity-chan Toon Shader Ver 2.0.6/UCTS_ShadingGradeMap.cginc using Guid(eca315d4d2d36194b8be3cf2a6869762) Importer(815301076,1909f56bfc062723c751e8b465ee728b)  -> (artifact id: '764092ec47041c8f251347fd60c7e90e') in 0.002871 seconds 
========================================================================
Received Import Request.
  Time since last request: 3.572959 seconds.
  path: Assets/SD Unity-Chan Haon Custom/Shader/Unity-chan Toon Shader Ver 2.0.6/Editor
  artifactKey: Guid(093cb430087771d4b821016f6d720e7d) Importer(815301076,1909f56bfc062723c751e8b465ee728b)
Start importing Assets/SD Unity-Chan Haon Custom/Shader/Unity-chan Toon Shader Ver 2.0.6/Editor using Guid(093cb430087771d4b821016f6d720e7d) Importer(815301076,1909f56bfc062723c751e8b465ee728b)  -> (artifact id: '1dd95b332713efc87be2457216a7e0ad') in 0.002788 seconds 
========================================================================
Received Import Request.
  Time since last request: 10.128469 seconds.
  path: Assets/SD Unity-Chan Haon Custom/Animation Setting
  artifactKey: Guid(8e2c5b274ceccca4ca36a28cd4f59e45) Importer(815301076,1909f56bfc062723c751e8b465ee728b)
Start importing Assets/SD Unity-Chan Haon Custom/Animation Setting using Guid(8e2c5b274ceccca4ca36a28cd4f59e45) Importer(815301076,1909f56bfc062723c751e8b465ee728b)  -> (artifact id: 'a586b2c12a1a9ca801f9abdf76042331') in 0.002932 seconds 
========================================================================
Received Import Request.
  Time since last request: 0.052197 seconds.
  path: Assets/SD Unity-Chan Haon Custom/Animation Setting/_Humanoid And Add-Bone LS PropB.mask
  artifactKey: Guid(cb72bbf3e3c68af4dab54beaace5f8f0) Importer(815301076,1909f56bfc062723c751e8b465ee728b)
Start importing Assets/SD Unity-Chan Haon Custom/Animation Setting/_Humanoid And Add-Bone LS PropB.mask using Guid(cb72bbf3e3c68af4dab54beaace5f8f0) Importer(815301076,1909f56bfc062723c751e8b465ee728b)  -> (artifact id: 'b0d694de8589211648aa5241b93f61f9') in 0.005102 seconds 
========================================================================
Received Import Request.
  Time since last request: 0.000015 seconds.
  path: Assets/SD Unity-Chan Haon Custom/Animation Setting/_Humanoid And Add-Bone.mask
  artifactKey: Guid(457fa94621a1e6f469ad75beb836d5fd) Importer(815301076,1909f56bfc062723c751e8b465ee728b)
Start importing Assets/SD Unity-Chan Haon Custom/Animation Setting/_Humanoid And Add-Bone.mask using Guid(457fa94621a1e6f469ad75beb836d5fd) Importer(815301076,1909f56bfc062723c751e8b465ee728b)  -> (artifact id: '56b273838f1cb4e56c6107fbf4f2877a') in 0.003175 seconds 
========================================================================
Received Import Request.
  Time since last request: 3.896029 seconds.
  path: Assets/SD Unity-Chan Haon Custom/Animations
  artifactKey: Guid(41528813e2a35bb478f0b6fc620087b4) Importer(815301076,1909f56bfc062723c751e8b465ee728b)
Start importing Assets/SD Unity-Chan Haon Custom/Animations using Guid(41528813e2a35bb478f0b6fc620087b4) Importer(815301076,1909f56bfc062723c751e8b465ee728b)  -> (artifact id: 'a2fdd878fb3f571696db02b6d727beba') in 0.002069 seconds 
========================================================================
Received Import Request.
  Time since last request: 2.211258 seconds.
  path: Assets/SD Unity-Chan Haon Custom/Animations/Action Adventure(Adv)
  artifactKey: Guid(1a30d9affc38eaf429492c992a1ebbee) Importer(815301076,1909f56bfc062723c751e8b465ee728b)
Start importing Assets/SD Unity-Chan Haon Custom/Animations/Action Adventure(Adv) using Guid(1a30d9affc38eaf429492c992a1ebbee) Importer(815301076,1909f56bfc062723c751e8b465ee728b)  -> (artifact id: 'edf3d29a03f8f54f984811ce467b2b55') in 0.002995 seconds 
========================================================================
Received Import Request.
  Time since last request: 0.053871 seconds.
  path: Assets/SD Unity-Chan Haon Custom/Animations/Action Adventure(Adv)/Emotion_Clap(StandC).FBX
  artifactKey: Guid(2034a96044a55af4ea94f86dbef523d0) Importer(815301076,1909f56bfc062723c751e8b465ee728b)
Start importing Assets/SD Unity-Chan Haon Custom/Animations/Action Adventure(Adv)/Emotion_Clap(StandC).FBX using Guid(2034a96044a55af4ea94f86dbef523d0) Importer(815301076,1909f56bfc062723c751e8b465ee728b)  -> (artifact id: '064dfd6f10b3fdd21d375ef3992c1c95') in 0.083172 seconds 
========================================================================
Received Import Request.
  Time since last request: 3.171913 seconds.
  path: Assets/SD Unity-Chan Haon Custom/_Guide
  artifactKey: Guid(3a2835a9c935c4246aff19f58bda2da7) Importer(815301076,1909f56bfc062723c751e8b465ee728b)
Start importing Assets/SD Unity-Chan Haon Custom/_Guide using Guid(3a2835a9c935c4246aff19f58bda2da7) Importer(815301076,1909f56bfc062723c751e8b465ee728b)  -> (artifact id: '85ee38c245cf355b100cfccfb6d0d2d1') in 0.002148 seconds 
========================================================================
Received Import Request.
  Time since last request: 2.738585 seconds.
  path: Assets/SD Unity-Chan Haon Custom/_Guide/Models
  artifactKey: Guid(b8adc2c9f029ea144982413f2f08bb74) Importer(815301076,1909f56bfc062723c751e8b465ee728b)
Start importing Assets/SD Unity-Chan Haon Custom/_Guide/Models using Guid(b8adc2c9f029ea144982413f2f08bb74) Importer(815301076,1909f56bfc062723c751e8b465ee728b)  -> (artifact id: '9cbf289db6a2815056ab8241d3015c78') in 0.001922 seconds 
========================================================================
Received Import Request.
  Time since last request: 0.060546 seconds.
  path: Assets/SD Unity-Chan Haon Custom/_Guide/Models/GuideObect.FBX
  artifactKey: Guid(ce33c5c417e2b0c458db93b2c78a0ee8) Importer(815301076,1909f56bfc062723c751e8b465ee728b)
Start importing Assets/SD Unity-Chan Haon Custom/_Guide/Models/GuideObect.FBX using Guid(ce33c5c417e2b0c458db93b2c78a0ee8) Importer(815301076,1909f56bfc062723c751e8b465ee728b)  -> (artifact id: 'c635733114932ab91c58844607d0d0f1') in 0.066706 seconds 
========================================================================
Received Import Request.
  Time since last request: 4.132123 seconds.
  path: Assets/SD Unity-Chan Haon Custom/_Guide/Animation
  artifactKey: Guid(f8480278bd9ddab44b1e8766245f8eaa) Importer(815301076,1909f56bfc062723c751e8b465ee728b)
Start importing Assets/SD Unity-Chan Haon Custom/_Guide/Animation using Guid(f8480278bd9ddab44b1e8766245f8eaa) Importer(815301076,1909f56bfc062723c751e8b465ee728b)  -> (artifact id: '78132927ab8661617fb3d155f56d1f34') in 0.002268 seconds 
========================================================================
Received Import Request.
  Time since last request: 0.066853 seconds.
  path: Assets/SD Unity-Chan Haon Custom/_Guide/Animation/DummyCube.fbx
  artifactKey: Guid(34f9cdec269202941aa0214c2537fa78) Importer(815301076,1909f56bfc062723c751e8b465ee728b)
Start importing Assets/SD Unity-Chan Haon Custom/_Guide/Animation/DummyCube.fbx using Guid(34f9cdec269202941aa0214c2537fa78) Importer(815301076,1909f56bfc062723c751e8b465ee728b)  -> (artifact id: '12101fc1b9c3587a972f2be1892f9fec') in 0.004972 seconds 
========================================================================
Received Import Request.
  Time since last request: 0.000036 seconds.
  path: Assets/SD Unity-Chan Haon Custom/_Guide/Animation/RunA_Front ex Humanoid and add-bone.FBX
  artifactKey: Guid(034a053a9aa6164409ba91b3dd3b7645) Importer(815301076,1909f56bfc062723c751e8b465ee728b)
Start importing Assets/SD Unity-Chan Haon Custom/_Guide/Animation/RunA_Front ex Humanoid and add-bone.FBX using Guid(034a053a9aa6164409ba91b3dd3b7645) Importer(815301076,1909f56bfc062723c751e8b465ee728b)  -> (artifact id: '505040f25280b259629853015787ce69') in 0.185178 seconds 
========================================================================
Received Import Request.
  Time since last request: 1.694616 seconds.
  path: Assets/SD Unity-Chan Haon Custom/_Guide/Animation Controller
  artifactKey: Guid(d26a25acd8a0be04d8c25242822887f0) Importer(815301076,1909f56bfc062723c751e8b465ee728b)
Start importing Assets/SD Unity-Chan Haon Custom/_Guide/Animation Controller using Guid(d26a25acd8a0be04d8c25242822887f0) Importer(815301076,1909f56bfc062723c751e8b465ee728b)  -> (artifact id: 'b89e9e9d1d459df1e4e7ca53bdde2373') in 0.002593 seconds 
========================================================================
Received Import Request.
  Time since last request: 1.789765 seconds.
  path: Assets/SD Unity-Chan Haon Custom/_Guide/Materials
  artifactKey: Guid(8996e35bbdfd8e94d9e9e514122a1d8c) Importer(815301076,1909f56bfc062723c751e8b465ee728b)
Start importing Assets/SD Unity-Chan Haon Custom/_Guide/Materials using Guid(8996e35bbdfd8e94d9e9e514122a1d8c) Importer(815301076,1909f56bfc062723c751e8b465ee728b)  -> (artifact id: '8200ccb5254fa9ecc8a6bff72cd6a2d0') in 0.001939 seconds 
========================================================================
Received Import Request.
  Time since last request: 0.074831 seconds.
  path: Assets/SD Unity-Chan Haon Custom/_Guide/Materials/11 - Default.mat
  artifactKey: Guid(1a1606a7d23d28949b8e7f9b9993d701) Importer(815301076,1909f56bfc062723c751e8b465ee728b)
Start importing Assets/SD Unity-Chan Haon Custom/_Guide/Materials/11 - Default.mat using Guid(1a1606a7d23d28949b8e7f9b9993d701) Importer(815301076,1909f56bfc062723c751e8b465ee728b)  -> (artifact id: '28c9500e192bd84db130b038a8746214') in 0.047756 seconds 
========================================================================
Received Import Request.
  Time since last request: 0.000029 seconds.
  path: Assets/SD Unity-Chan Haon Custom/_Guide/Materials/Guide_03.mat
  artifactKey: Guid(dc40897573ff2c54595acc89854a245b) Importer(815301076,1909f56bfc062723c751e8b465ee728b)
Start importing Assets/SD Unity-Chan Haon Custom/_Guide/Materials/Guide_03.mat using Guid(dc40897573ff2c54595acc89854a245b) Importer(815301076,1909f56bfc062723c751e8b465ee728b)  -> (artifact id: 'e6c06c9749c752f2608c20751bdc8c52') in 0.021628 seconds 
========================================================================
Received Import Request.
  Time since last request: 0.000028 seconds.
  path: Assets/SD Unity-Chan Haon Custom/_Guide/Materials/catalog 4.mat
  artifactKey: Guid(94828942fea17534790f07767143807d) Importer(815301076,1909f56bfc062723c751e8b465ee728b)
Start importing Assets/SD Unity-Chan Haon Custom/_Guide/Materials/catalog 4.mat using Guid(94828942fea17534790f07767143807d) Importer(815301076,1909f56bfc062723c751e8b465ee728b)  -> (artifact id: '3e97cc890dbefee9942177ddf8b3639d') in 0.027037 seconds 
========================================================================
Received Import Request.
  Time since last request: 0.000032 seconds.
  path: Assets/SD Unity-Chan Haon Custom/_Guide/Materials/Guide_06.mat
  artifactKey: Guid(f1bfaeffa2660714b89d9abd06616fe3) Importer(815301076,1909f56bfc062723c751e8b465ee728b)
Start importing Assets/SD Unity-Chan Haon Custom/_Guide/Materials/Guide_06.mat using Guid(f1bfaeffa2660714b89d9abd06616fe3) Importer(815301076,1909f56bfc062723c751e8b465ee728b)  -> (artifact id: 'e1870c4f2b850dc4fce362cfa884a237') in 0.017015 seconds 
========================================================================
Received Import Request.
  Time since last request: 0.000023 seconds.
  path: Assets/SD Unity-Chan Haon Custom/_Guide/Materials/Catalog Card 05.mat
  artifactKey: Guid(7c386f109d6ac8e4faf99c5a630aa980) Importer(815301076,1909f56bfc062723c751e8b465ee728b)
Start importing Assets/SD Unity-Chan Haon Custom/_Guide/Materials/Catalog Card 05.mat using Guid(7c386f109d6ac8e4faf99c5a630aa980) Importer(815301076,1909f56bfc062723c751e8b465ee728b)  -> (artifact id: 'a6bbc6362879ae1662c2d7025746d6c2') in 0.016707 seconds 
========================================================================
Received Import Request.
  Time since last request: 0.000025 seconds.
  path: Assets/SD Unity-Chan Haon Custom/_Guide/Materials/Catalog Card 03.mat
  artifactKey: Guid(a3c2aca4a9e2c924eb00b4616ac08ca0) Importer(815301076,1909f56bfc062723c751e8b465ee728b)
Start importing Assets/SD Unity-Chan Haon Custom/_Guide/Materials/Catalog Card 03.mat using Guid(a3c2aca4a9e2c924eb00b4616ac08ca0) Importer(815301076,1909f56bfc062723c751e8b465ee728b)  -> (artifact id: '271bb6c043ee04e100296ad6bdb867d9') in 0.018777 seconds 
========================================================================
Received Import Request.
  Time since last request: 0.000019 seconds.
  path: Assets/SD Unity-Chan Haon Custom/_Guide/Materials/Catalog Card 04.mat
  artifactKey: Guid(f37e3abb6bcbcf6488ea99b86b438c99) Importer(815301076,1909f56bfc062723c751e8b465ee728b)
Start importing Assets/SD Unity-Chan Haon Custom/_Guide/Materials/Catalog Card 04.mat using Guid(f37e3abb6bcbcf6488ea99b86b438c99) Importer(815301076,1909f56bfc062723c751e8b465ee728b)  -> (artifact id: '3a8b1781fe4696b2a056faf309c7a575') in 0.019400 seconds 
========================================================================
Received Import Request.
  Time since last request: 0.000028 seconds.
  path: Assets/SD Unity-Chan Haon Custom/_Guide/Materials/Catalog Card 09.mat
  artifactKey: Guid(1961f6f72618b6d44ba1d4e3b406196f) Importer(815301076,1909f56bfc062723c751e8b465ee728b)
Start importing Assets/SD Unity-Chan Haon Custom/_Guide/Materials/Catalog Card 09.mat using Guid(1961f6f72618b6d44ba1d4e3b406196f) Importer(815301076,1909f56bfc062723c751e8b465ee728b)  -> (artifact id: '3b13177a61c6602d721b67acbc19fef9') in 0.016961 seconds 
========================================================================
Received Import Request.
  Time since last request: 0.000019 seconds.
  path: Assets/SD Unity-Chan Haon Custom/_Guide/Materials/catalog 3.mat
  artifactKey: Guid(77595ffef6549ba4db0c0a9498d53169) Importer(815301076,1909f56bfc062723c751e8b465ee728b)
Start importing Assets/SD Unity-Chan Haon Custom/_Guide/Materials/catalog 3.mat using Guid(77595ffef6549ba4db0c0a9498d53169) Importer(815301076,1909f56bfc062723c751e8b465ee728b)  -> (artifact id: 'f32c108d2c8279fc8b4325d620fa9d0d') in 0.018057 seconds 
========================================================================
Received Import Request.
  Time since last request: 0.000032 seconds.
  path: Assets/SD Unity-Chan Haon Custom/_Guide/Materials/Guide_04.mat
  artifactKey: Guid(1db037c65dd72b747ba32f3261afe55e) Importer(815301076,1909f56bfc062723c751e8b465ee728b)
Start importing Assets/SD Unity-Chan Haon Custom/_Guide/Materials/Guide_04.mat using Guid(1db037c65dd72b747ba32f3261afe55e) Importer(815301076,1909f56bfc062723c751e8b465ee728b)  -> (artifact id: 'f78720010ccdf8a787cde3d4503363f6') in 0.018626 seconds 
========================================================================
Received Import Request.
  Time since last request: 0.000019 seconds.
  path: Assets/SD Unity-Chan Haon Custom/_Guide/Materials/Catalog Card 10.mat
  artifactKey: Guid(4b634e44c73e7234daf2fda540b2bc3e) Importer(815301076,1909f56bfc062723c751e8b465ee728b)
Start importing Assets/SD Unity-Chan Haon Custom/_Guide/Materials/Catalog Card 10.mat using Guid(4b634e44c73e7234daf2fda540b2bc3e) Importer(815301076,1909f56bfc062723c751e8b465ee728b)  -> (artifact id: 'c10f18ec4e092c0fb3de8a8f11c5348c') in 0.019768 seconds 
========================================================================
Received Import Request.
  Time since last request: 0.000028 seconds.
  path: Assets/SD Unity-Chan Haon Custom/_Guide/Materials/Catalog Card 06.mat
  artifactKey: Guid(70f19b15cc38bf14b8f5184562cee6ce) Importer(815301076,1909f56bfc062723c751e8b465ee728b)
Start importing Assets/SD Unity-Chan Haon Custom/_Guide/Materials/Catalog Card 06.mat using Guid(70f19b15cc38bf14b8f5184562cee6ce) Importer(815301076,1909f56bfc062723c751e8b465ee728b)  -> (artifact id: '129f1c4a95e458749f786d8e84e10431') in 0.017197 seconds 
========================================================================
Received Import Request.
  Time since last request: 0.000027 seconds.
  path: Assets/SD Unity-Chan Haon Custom/_Guide/Materials/Catalog Card 12.mat
  artifactKey: Guid(da7163c98ffa51b40bcccbb53654a86a) Importer(815301076,1909f56bfc062723c751e8b465ee728b)
Start importing Assets/SD Unity-Chan Haon Custom/_Guide/Materials/Catalog Card 12.mat using Guid(da7163c98ffa51b40bcccbb53654a86a) Importer(815301076,1909f56bfc062723c751e8b465ee728b)  -> (artifact id: '7fdc61d66bb9b9b3f4ca63236301541c') in 0.020899 seconds 
========================================================================
Received Import Request.
  Time since last request: 0.506312 seconds.
  path: Assets/SD Unity-Chan Haon Custom/_Guide/Materials/Guide_11.mat
  artifactKey: Guid(36dd57da35750c649bdc5f04e66b3a57) Importer(815301076,1909f56bfc062723c751e8b465ee728b)
Start importing Assets/SD Unity-Chan Haon Custom/_Guide/Materials/Guide_11.mat using Guid(36dd57da35750c649bdc5f04e66b3a57) Importer(815301076,1909f56bfc062723c751e8b465ee728b)  -> (artifact id: 'f7a50400c1ee4d7672cab38b04c3f0ed') in 0.014943 seconds 
========================================================================
Received Import Request.
  Time since last request: 0.000023 seconds.
  path: Assets/SD Unity-Chan Haon Custom/_Guide/Materials/Guide_14.mat
  artifactKey: Guid(6c5c37d6532e08e40849552c31b841a4) Importer(815301076,1909f56bfc062723c751e8b465ee728b)
Start importing Assets/SD Unity-Chan Haon Custom/_Guide/Materials/Guide_14.mat using Guid(6c5c37d6532e08e40849552c31b841a4) Importer(815301076,1909f56bfc062723c751e8b465ee728b)  -> (artifact id: '311a15bdf3a535079865b4c64afbcaad') in 0.017691 seconds 
========================================================================
Received Import Request.
  Time since last request: 0.391487 seconds.
  path: Assets/SD Unity-Chan Haon Custom/_Guide/Materials/How to Differentiate ‘FaceSkin’ and ‘FaceSkinHead’. 1.mat
  artifactKey: Guid(29b6a0ee389d104499a5b64abdaefc10) Importer(815301076,1909f56bfc062723c751e8b465ee728b)
Start importing Assets/SD Unity-Chan Haon Custom/_Guide/Materials/How to Differentiate ‘FaceSkin’ and ‘FaceSkinHead’. 1.mat using Guid(29b6a0ee389d104499a5b64abdaefc10) Importer(815301076,1909f56bfc062723c751e8b465ee728b)  -> (artifact id: '70484fb47edd9602cdc73a0cbe935e4b') in 0.029744 seconds 
========================================================================
Received Import Request.
  Time since last request: 0.000022 seconds.
  path: Assets/SD Unity-Chan Haon Custom/_Guide/Materials/Install Spring Script 03.mat
  artifactKey: Guid(84a80bf8634c50341b59dc0d4f733fee) Importer(815301076,1909f56bfc062723c751e8b465ee728b)
Start importing Assets/SD Unity-Chan Haon Custom/_Guide/Materials/Install Spring Script 03.mat using Guid(84a80bf8634c50341b59dc0d4f733fee) Importer(815301076,1909f56bfc062723c751e8b465ee728b)  -> (artifact id: '77024e321d0563a22e6426fef3814041') in 0.023372 seconds 
========================================================================
Received Import Request.
  Time since last request: 0.000032 seconds.
  path: Assets/SD Unity-Chan Haon Custom/_Guide/Materials/preview_sky.mat
  artifactKey: Guid(c30967cfbc7fee443bf7c441db6f4f1d) Importer(815301076,1909f56bfc062723c751e8b465ee728b)
Start importing Assets/SD Unity-Chan Haon Custom/_Guide/Materials/preview_sky.mat using Guid(c30967cfbc7fee443bf7c441db6f4f1d) Importer(815301076,1909f56bfc062723c751e8b465ee728b)  -> (artifact id: 'a6da288e1cb46b492ebf187ea8baa691') in 0.205494 seconds 
========================================================================
Received Import Request.
  Time since last request: 0.000022 seconds.
  path: Assets/SD Unity-Chan Haon Custom/_Guide/Materials/Preview_sky C.mat
  artifactKey: Guid(34169ec79f2b21b4bb63a751d07c71b8) Importer(815301076,1909f56bfc062723c751e8b465ee728b)
Start importing Assets/SD Unity-Chan Haon Custom/_Guide/Materials/Preview_sky C.mat using Guid(34169ec79f2b21b4bb63a751d07c71b8) Importer(815301076,1909f56bfc062723c751e8b465ee728b)  -> (artifact id: '9ad118e0b2872d7054da31fab8fe5e66') in 0.011236 seconds 
========================================================================
Received Import Request.
  Time since last request: 0.000051 seconds.
  path: Assets/SD Unity-Chan Haon Custom/_Guide/Materials/Tpose4.mat
  artifactKey: Guid(494a99bda1e4e884fb68119fc261a4e8) Importer(815301076,1909f56bfc062723c751e8b465ee728b)
Start importing Assets/SD Unity-Chan Haon Custom/_Guide/Materials/Tpose4.mat using Guid(494a99bda1e4e884fb68119fc261a4e8) Importer(815301076,1909f56bfc062723c751e8b465ee728b)  -> (artifact id: 'fe513b677161c4aa4b6ac888fa344d62') in 0.014320 seconds 
========================================================================
Received Import Request.
  Time since last request: 3.603649 seconds.
  path: Assets/SD Unity-Chan Haon Custom/_Guide/Texture
  artifactKey: Guid(56ef92f8240b24f4ab9e6d2e5166983a) Importer(815301076,1909f56bfc062723c751e8b465ee728b)
Start importing Assets/SD Unity-Chan Haon Custom/_Guide/Texture using Guid(56ef92f8240b24f4ab9e6d2e5166983a) Importer(815301076,1909f56bfc062723c751e8b465ee728b)  -> (artifact id: 'b067eb68c26169d8641c65c96dbf88e9') in 0.002887 seconds 
========================================================================
Received Import Request.
  Time since last request: 0.073599 seconds.
  path: Assets/SD Unity-Chan Haon Custom/_Guide/Texture/_DummyMesh.png
  artifactKey: Guid(93f760e423516d64f9e236bb72145d1b) Importer(815301076,1909f56bfc062723c751e8b465ee728b)
Start importing Assets/SD Unity-Chan Haon Custom/_Guide/Texture/_DummyMesh.png using Guid(93f760e423516d64f9e236bb72145d1b) Importer(815301076,1909f56bfc062723c751e8b465ee728b)  -> (artifact id: 'd3aaf77fd5cd7effa874b631c3383843') in 0.024313 seconds 
========================================================================
Received Import Request.
  Time since last request: 0.000016 seconds.
  path: Assets/SD Unity-Chan Haon Custom/_Guide/Texture/Tpose.png
  artifactKey: Guid(c15d4bcbb8219db48bcfbfa803250064) Importer(815301076,1909f56bfc062723c751e8b465ee728b)
Start importing Assets/SD Unity-Chan Haon Custom/_Guide/Texture/Tpose.png using Guid(c15d4bcbb8219db48bcfbfa803250064) Importer(815301076,1909f56bfc062723c751e8b465ee728b)  -> (artifact id: 'e8569caf87630616a4cff9eb0dc40871') in 0.012638 seconds 
========================================================================
Received Import Request.
  Time since last request: 0.000017 seconds.
  path: Assets/SD Unity-Chan Haon Custom/_Guide/Texture/Install Spring Script 03.png
  artifactKey: Guid(2a4d062cb4b177a4985f639b8f426694) Importer(815301076,1909f56bfc062723c751e8b465ee728b)
Start importing Assets/SD Unity-Chan Haon Custom/_Guide/Texture/Install Spring Script 03.png using Guid(2a4d062cb4b177a4985f639b8f426694) Importer(815301076,1909f56bfc062723c751e8b465ee728b)  -> (artifact id: 'aa938235a8ff2e1c402a6ee1b79ddd94') in 0.015373 seconds 
========================================================================
Received Import Request.
  Time since last request: 0.000039 seconds.
  path: Assets/SD Unity-Chan Haon Custom/_Guide/Texture/Tpose2.png
  artifactKey: Guid(ae6924fab9a2e7f4db5be09ba65dd0bc) Importer(815301076,1909f56bfc062723c751e8b465ee728b)
Start importing Assets/SD Unity-Chan Haon Custom/_Guide/Texture/Tpose2.png using Guid(ae6924fab9a2e7f4db5be09ba65dd0bc) Importer(815301076,1909f56bfc062723c751e8b465ee728b)  -> (artifact id: 'ed0b13d8c40384d8504befed55a2c85c') in 0.011221 seconds 
========================================================================
Received Import Request.
  Time since last request: 0.000032 seconds.
  path: Assets/SD Unity-Chan Haon Custom/_Guide/Texture/Tpose4.png
  artifactKey: Guid(d4a95256b087b0146bbc601032754ce0) Importer(815301076,1909f56bfc062723c751e8b465ee728b)
Start importing Assets/SD Unity-Chan Haon Custom/_Guide/Texture/Tpose4.png using Guid(d4a95256b087b0146bbc601032754ce0) Importer(815301076,1909f56bfc062723c751e8b465ee728b)  -> (artifact id: '538a7bf14b2961dbdaf9dbf0176375dc') in 0.011739 seconds 
========================================================================
Received Import Request.
  Time since last request: 0.000024 seconds.
  path: Assets/SD Unity-Chan Haon Custom/_Guide/Texture/How to Differentiate ‘FaceSkin’ and ‘FaceSkinHead’..png
  artifactKey: Guid(26718f4e1f81b8442a5be9cb97db087c) Importer(815301076,1909f56bfc062723c751e8b465ee728b)
Start importing Assets/SD Unity-Chan Haon Custom/_Guide/Texture/How to Differentiate ‘FaceSkin’ and ‘FaceSkinHead’..png using Guid(26718f4e1f81b8442a5be9cb97db087c) Importer(815301076,1909f56bfc062723c751e8b465ee728b)  -> (artifact id: '68777c248a95813df4397a9d946c081f') in 0.012527 seconds 
========================================================================
Received Import Request.
  Time since last request: 1.850510 seconds.
  path: Assets/SD Unity-Chan Haon Custom/_Guide/Texture/Materials
  artifactKey: Guid(ec86e23358456eb44a99201fe5b48072) Importer(815301076,1909f56bfc062723c751e8b465ee728b)
Start importing Assets/SD Unity-Chan Haon Custom/_Guide/Texture/Materials using Guid(ec86e23358456eb44a99201fe5b48072) Importer(815301076,1909f56bfc062723c751e8b465ee728b)  -> (artifact id: 'd9d7593030024202f0ce4b94aae65cca') in 0.002348 seconds 
========================================================================
Received Import Request.
  Time since last request: 0.078014 seconds.
  path: Assets/SD Unity-Chan Haon Custom/_Guide/Texture/Materials/Install Spring Script 02.mat
  artifactKey: Guid(7e29ad8aab70b934e9c5ea5ea5a6aa00) Importer(815301076,1909f56bfc062723c751e8b465ee728b)
Start importing Assets/SD Unity-Chan Haon Custom/_Guide/Texture/Materials/Install Spring Script 02.mat using Guid(7e29ad8aab70b934e9c5ea5ea5a6aa00) Importer(815301076,1909f56bfc062723c751e8b465ee728b)  -> (artifact id: 'ad12d2a93680c07215c939acd12b2781') in 0.016322 seconds 
========================================================================
Received Import Request.
  Time since last request: 17.309600 seconds.
  path: Assets/TextMesh Pro/Examples & Extras/Materials/Ground - Logo Scene.mat
  artifactKey: Guid(c719e38f25a9480abd2480ab621a2949) Importer(815301076,1909f56bfc062723c751e8b465ee728b)
Start importing Assets/TextMesh Pro/Examples & Extras/Materials/Ground - Logo Scene.mat using Guid(c719e38f25a9480abd2480ab621a2949) Importer(815301076,1909f56bfc062723c751e8b465ee728b)  -> (artifact id: 'a6303dcafa8c29638164956a5e5f7b23') in 0.040999 seconds 
========================================================================
Received Import Request.
  Time since last request: 2.123730 seconds.
  path: Assets/SD Unity-Chan Haon Custom/Prefabs/Set/LS Preview SD Unity-chan.prefab
  artifactKey: Guid(fdf678a7193c58346a367114b3da57ac) Importer(815301076,1909f56bfc062723c751e8b465ee728b)
Start importing Assets/SD Unity-Chan Haon Custom/Prefabs/Set/LS Preview SD Unity-chan.prefab using Guid(fdf678a7193c58346a367114b3da57ac) Importer(815301076,1909f56bfc062723c751e8b465ee728b)  -> (artifact id: '00ac6fb6f48aaf8fb639773848ae7325') in 0.058444 seconds 
========================================================================
Received Import Request.
  Time since last request: 0.000023 seconds.
  path: Assets/SD Unity-Chan Haon Custom/Prefabs/Set/Set Costume_03 SD Unity-Chan.prefab
  artifactKey: Guid(3ce5f30162abffb4cb663f89f504ae9e) Importer(815301076,1909f56bfc062723c751e8b465ee728b)
Start importing Assets/SD Unity-Chan Haon Custom/Prefabs/Set/Set Costume_03 SD Unity-Chan.prefab using Guid(3ce5f30162abffb4cb663f89f504ae9e) Importer(815301076,1909f56bfc062723c751e8b465ee728b)  -> (artifact id: '4738e5681726b1418e04a36cb724a1fb') in 0.066816 seconds 
========================================================================
Received Import Request.
  Time since last request: 0.000035 seconds.
  path: Assets/SD Unity-Chan Haon Custom/Prefabs/Set/Set Costume_02 SD Unity-Chan WTD.prefab
  artifactKey: Guid(9567168e85118da4a9e668d51492efb1) Importer(815301076,1909f56bfc062723c751e8b465ee728b)
Start importing Assets/SD Unity-Chan Haon Custom/Prefabs/Set/Set Costume_02 SD Unity-Chan WTD.prefab using Guid(9567168e85118da4a9e668d51492efb1) Importer(815301076,1909f56bfc062723c751e8b465ee728b)  -> (artifact id: 'b1d03ad82c553f028e096634e476d10d') in 0.073235 seconds 
========================================================================
Received Import Request.
  Time since last request: 340.206390 seconds.
  path: Assets/SD Unity-Chan Haon Custom/Prefabs/Set/LS Preview SD Unity-chan.prefab
  artifactKey: Guid(fdf678a7193c58346a367114b3da57ac) Importer(815301076,1909f56bfc062723c751e8b465ee728b)
Start importing Assets/SD Unity-Chan Haon Custom/Prefabs/Set/LS Preview SD Unity-chan.prefab using Guid(fdf678a7193c58346a367114b3da57ac) Importer(815301076,1909f56bfc062723c751e8b465ee728b)  -> (artifact id: '6a3025939ec7deca9050ff79c86a1218') in 0.065324 seconds 
========================================================================
Received Import Request.
  Time since last request: 18.870713 seconds.
  path: Assets/SD Unity-Chan Haon Custom/Prefabs/Set/Set Costume_01 SD Unity-Chan.prefab
  artifactKey: Guid(234a458d2bc9de040834a24c42610268) Importer(815301076,1909f56bfc062723c751e8b465ee728b)
Start importing Assets/SD Unity-Chan Haon Custom/Prefabs/Set/Set Costume_01 SD Unity-Chan.prefab using Guid(234a458d2bc9de040834a24c42610268) Importer(815301076,1909f56bfc062723c751e8b465ee728b)  -> (artifact id: '9a54b5f01d90215582453097399d595e') in 0.078108 seconds 
========================================================================
Received Import Request.
  Time since last request: 0.000031 seconds.
  path: Assets/SD Unity-Chan Haon Custom/Prefabs/Set/Set Costume_03 SD Unity-Chan.prefab
  artifactKey: Guid(3ce5f30162abffb4cb663f89f504ae9e) Importer(815301076,1909f56bfc062723c751e8b465ee728b)
Start importing Assets/SD Unity-Chan Haon Custom/Prefabs/Set/Set Costume_03 SD Unity-Chan.prefab using Guid(3ce5f30162abffb4cb663f89f504ae9e) Importer(815301076,1909f56bfc062723c751e8b465ee728b)  -> (artifact id: '480ba318d44143273b26dea54d0ff736') in 0.068325 seconds 
========================================================================
Received Import Request.
  Time since last request: 0.000035 seconds.
  path: Assets/SD Unity-Chan Haon Custom/Prefabs/Set/Set Costume_02 SD Unity-Chan WTD.prefab
  artifactKey: Guid(9567168e85118da4a9e668d51492efb1) Importer(815301076,1909f56bfc062723c751e8b465ee728b)
Start importing Assets/SD Unity-Chan Haon Custom/Prefabs/Set/Set Costume_02 SD Unity-Chan WTD.prefab using Guid(9567168e85118da4a9e668d51492efb1) Importer(815301076,1909f56bfc062723c751e8b465ee728b)  -> (artifact id: 'f37e1fd252033e7f866c70776b058f4c') in 0.078517 seconds 
========================================================================
Received Import Request.
  Time since last request: 69.084813 seconds.
  path: Assets/Script/girl_Controller.cs
  artifactKey: Guid(d76f27ccf677bbd498a4b8cedad3f088) Importer(815301076,1909f56bfc062723c751e8b465ee728b)
Start importing Assets/Script/girl_Controller.cs using Guid(d76f27ccf677bbd498a4b8cedad3f088) Importer(815301076,1909f56bfc062723c751e8b465ee728b)  -> (artifact id: 'f8a446b31031dd88f54de70d9998a481') in 0.015155 seconds 
========================================================================
Received Prepare
Registering precompiled user dll's ...
Registered in 0.004466 seconds.
Begin MonoManager ReloadAssembly
Native extension for WindowsStandalone target not found
Refreshing native plugins compatible for Editor in 0.54 ms, found 2 plugins.
Preloading 0 native plugins for Editor in 0.00 ms.
Mono: successfully reloaded assembly
- Completed reload, in  1.294 seconds
Domain Reload Profiling:
	ReloadAssembly (1295ms)
		BeginReloadAssembly (175ms)
			ExecutionOrderSort (0ms)
			DisableScriptedObjects (6ms)
			BackupInstance (0ms)
			ReleaseScriptingObjects (0ms)
			CreateAndSetChildDomain (40ms)
		EndReloadAssembly (964ms)
			LoadAssemblies (115ms)
			RebuildTransferFunctionScriptingTraits (0ms)
			SetupTypeCache (267ms)
			ReleaseScriptCaches (2ms)
			RebuildScriptCaches (67ms)
			SetupLoadedEditorAssemblies (451ms)
				LogAssemblyErrors (0ms)
				InitializePlatformSupportModulesInManaged (28ms)
				SetLoadedEditorAssemblies (1ms)
				RefreshPlugins (1ms)
				BeforeProcessingInitializeOnLoad (102ms)
				ProcessInitializeOnLoadAttributes (263ms)
				ProcessInitializeOnLoadMethodAttributes (39ms)
				AfterProcessingInitializeOnLoad (17ms)
				EditorAssembliesLoaded (0ms)
			ExecutionOrderSort2 (0ms)
			AwakeInstancesAfterBackupRestoration (8ms)
Platform modules already initialized, skipping
Refreshing native plugins compatible for Editor in 1.24 ms, found 2 plugins.
Preloading 0 native plugins for Editor in 0.00 ms.
Unloading 1817 Unused Serialized files (Serialized files now loaded: 0)
Unloading 123 unused Assets / (20.3 MB). Loaded Objects now: 2271.
Memory consumption went from 144.7 MB to 124.3 MB.
Total: 17.113000 ms (FindLiveObjects: 0.202000 ms CreateObjectMapping: 0.070300 ms MarkObjects: 2.741300 ms  DeleteObjects: 14.098600 ms)

AssetImportParameters requested are different than current active one (requested -> active):
  custom:video-decoder-ogg-theora: a1e56fd34408186e4bbccfd4996cb3dc -> 
  custom:container-muxer-webm: aa71ff27fc2769a1b78a27578f13a17b -> 
  custom:container-demuxer-webm: 4f35f7cbe854078d1ac9338744f61a02 -> 
  custom:video-encoder-webm-vp8: eb34c28f22e8b96e1ab97ce403110664 -> 
  custom:audio-encoder-webm-vorbis: bf7c407c2cedff20999df2af8eb42d56 -> 
  custom:framework-win-MediaFoundation: 216162199b28c13a410421893ffa2e32 -> 
  custom:container-demuxer-ogg: 62fdf1f143b41e24485cea50d1cbac27 -> 
  custom:video-decoder-webm-vp8: 9c59270c3fd7afecdb556c50c9e8de78 -> 
  custom:audio-decoder-ogg-vorbis: bf7c407c2cedff20999df2af8eb42d56 -> 
========================================================================
Received Import Request.
  Time since last request: 250.286519 seconds.
  path: Assets/Script/girl_Controller.cs
  artifactKey: Guid(d76f27ccf677bbd498a4b8cedad3f088) Importer(815301076,1909f56bfc062723c751e8b465ee728b)
Start importing Assets/Script/girl_Controller.cs using Guid(d76f27ccf677bbd498a4b8cedad3f088) Importer(815301076,1909f56bfc062723c751e8b465ee728b)  -> (artifact id: 'c8435b15b77796c8bfbc34e0b5c3d259') in 0.006679 seconds 
========================================================================
Received Prepare
Registering precompiled user dll's ...
Registered in 0.002870 seconds.
Begin MonoManager ReloadAssembly
Native extension for WindowsStandalone target not found
Refreshing native plugins compatible for Editor in 0.45 ms, found 2 plugins.
Preloading 0 native plugins for Editor in 0.00 ms.
Mono: successfully reloaded assembly
- Completed reload, in  1.211 seconds
Domain Reload Profiling:
	ReloadAssembly (1212ms)
		BeginReloadAssembly (163ms)
			ExecutionOrderSort (0ms)
			DisableScriptedObjects (7ms)
			BackupInstance (0ms)
			ReleaseScriptingObjects (0ms)
			CreateAndSetChildDomain (37ms)
		EndReloadAssembly (914ms)
			LoadAssemblies (111ms)
			RebuildTransferFunctionScriptingTraits (0ms)
			SetupTypeCache (270ms)
			ReleaseScriptCaches (1ms)
			RebuildScriptCaches (53ms)
			SetupLoadedEditorAssemblies (427ms)
				LogAssemblyErrors (0ms)
				InitializePlatformSupportModulesInManaged (28ms)
				SetLoadedEditorAssemblies (1ms)
				RefreshPlugins (1ms)
				BeforeProcessingInitializeOnLoad (79ms)
				ProcessInitializeOnLoadAttributes (272ms)
				ProcessInitializeOnLoadMethodAttributes (35ms)
				AfterProcessingInitializeOnLoad (12ms)
				EditorAssembliesLoaded (0ms)
			ExecutionOrderSort2 (0ms)
			AwakeInstancesAfterBackupRestoration (11ms)
Platform modules already initialized, skipping
Refreshing native plugins compatible for Editor in 1.09 ms, found 2 plugins.
Preloading 0 native plugins for Editor in 0.00 ms.
Unloading 1816 Unused Serialized files (Serialized files now loaded: 0)
Unloading 123 unused Assets / (20.3 MB). Loaded Objects now: 2274.
Memory consumption went from 144.6 MB to 124.3 MB.
Total: 14.951400 ms (FindLiveObjects: 0.205600 ms CreateObjectMapping: 0.070000 ms MarkObjects: 2.946900 ms  DeleteObjects: 11.727500 ms)

AssetImportParameters requested are different than current active one (requested -> active):
  custom:video-decoder-ogg-theora: a1e56fd34408186e4bbccfd4996cb3dc -> 
  custom:container-muxer-webm: aa71ff27fc2769a1b78a27578f13a17b -> 
  custom:container-demuxer-webm: 4f35f7cbe854078d1ac9338744f61a02 -> 
  custom:video-encoder-webm-vp8: eb34c28f22e8b96e1ab97ce403110664 -> 
  custom:audio-encoder-webm-vorbis: bf7c407c2cedff20999df2af8eb42d56 -> 
  custom:framework-win-MediaFoundation: 216162199b28c13a410421893ffa2e32 -> 
  custom:container-demuxer-ogg: 62fdf1f143b41e24485cea50d1cbac27 -> 
  custom:video-decoder-webm-vp8: 9c59270c3fd7afecdb556c50c9e8de78 -> 
  custom:audio-decoder-ogg-vorbis: bf7c407c2cedff20999df2af8eb42d56 -> 
========================================================================
Received Import Request.
  Time since last request: 324.160519 seconds.
  path: Assets/SD Unity-Chan Haon Custom/Animations/Life Simulation(LS)/PropA/RunA(PropA).FBX
  artifactKey: Guid(bb910aeba22da6345bd50014ceae9dea) Importer(815301076,1909f56bfc062723c751e8b465ee728b)
Start importing Assets/SD Unity-Chan Haon Custom/Animations/Life Simulation(LS)/PropA/RunA(PropA).FBX using Guid(bb910aeba22da6345bd50014ceae9dea) Importer(815301076,1909f56bfc062723c751e8b465ee728b)  -> (artifact id: '070f8ec8a82cfaec58048ed239d151bf') in 0.206868 seconds 
========================================================================
Received Import Request.
  Time since last request: 0.188314 seconds.
  path: Assets/SD Unity-Chan Haon Custom/Animations/Life Simulation(LS)/PropC/RunA(PropC) rigProp.FBX
  artifactKey: Guid(c1c0db79d17619b478187a0a71a8c18e) Importer(815301076,1909f56bfc062723c751e8b465ee728b)
Start importing Assets/SD Unity-Chan Haon Custom/Animations/Life Simulation(LS)/PropC/RunA(PropC) rigProp.FBX using Guid(c1c0db79d17619b478187a0a71a8c18e) Importer(815301076,1909f56bfc062723c751e8b465ee728b)  -> (artifact id: 'f7be41faf70698ec9d8fdfd7f179a786') in 0.127689 seconds 
========================================================================
Received Import Request.
  Time since last request: 0.414317 seconds.
  path: Assets/SD Unity-Chan Haon Custom/Animations/Common/RunA_Curve_FrontRight.FBX
  artifactKey: Guid(dbac1b2ae755d464692119648275914a) Importer(815301076,1909f56bfc062723c751e8b465ee728b)
Start importing Assets/SD Unity-Chan Haon Custom/Animations/Common/RunA_Curve_FrontRight.FBX using Guid(dbac1b2ae755d464692119648275914a) Importer(815301076,1909f56bfc062723c751e8b465ee728b)  -> (artifact id: '2a6bcd5f28185020f50c2080a49b2c50') in 0.109658 seconds 
========================================================================
Received Import Request.
  Time since last request: 0.000017 seconds.
  path: Assets/SD Unity-Chan Haon Custom/Animations/WeaponMaster Greatsword(WGS)/WGS_Run_Front.FBX
  artifactKey: Guid(a546a95fbfe197640804215527ae51a5) Importer(815301076,1909f56bfc062723c751e8b465ee728b)
Start importing Assets/SD Unity-Chan Haon Custom/Animations/WeaponMaster Greatsword(WGS)/WGS_Run_Front.FBX using Guid(a546a95fbfe197640804215527ae51a5) Importer(815301076,1909f56bfc062723c751e8b465ee728b)  -> (artifact id: 'a58f9328d94472d58a3a7c381d2b23ec') in 0.081032 seconds 
========================================================================
Received Import Request.
  Time since last request: 52.576349 seconds.
  path: Assets/SD Unity-Chan Haon Custom/Prefabs/Set/Set Costume_01 SD Unity-Chan.prefab
  artifactKey: Guid(234a458d2bc9de040834a24c42610268) Importer(815301076,1909f56bfc062723c751e8b465ee728b)
Start importing Assets/SD Unity-Chan Haon Custom/Prefabs/Set/Set Costume_01 SD Unity-Chan.prefab using Guid(234a458d2bc9de040834a24c42610268) Importer(815301076,1909f56bfc062723c751e8b465ee728b)  -> (artifact id: '51b435dd50ef233888b228a991ebb855') in 0.053442 seconds 
========================================================================
Received Import Request.
  Time since last request: 0.379746 seconds.
  path: Assets/SD Unity-Chan Haon Custom/Prefabs/Set/Set Costume_02 SD Unity-Chan WGS.prefab
  artifactKey: Guid(485d662c63590f74dac20be0cf684019) Importer(815301076,1909f56bfc062723c751e8b465ee728b)
Start importing Assets/SD Unity-Chan Haon Custom/Prefabs/Set/Set Costume_02 SD Unity-Chan WGS.prefab using Guid(485d662c63590f74dac20be0cf684019) Importer(815301076,1909f56bfc062723c751e8b465ee728b)  -> (artifact id: '331527e77fa36424dbe26057d69f374a') in 0.052207 seconds 
========================================================================
Received Prepare
Registering precompiled user dll's ...
Registered in 0.002898 seconds.
Begin MonoManager ReloadAssembly
Native extension for WindowsStandalone target not found
Refreshing native plugins compatible for Editor in 0.53 ms, found 2 plugins.
Preloading 0 native plugins for Editor in 0.00 ms.
Mono: successfully reloaded assembly
- Completed reload, in  1.287 seconds
Domain Reload Profiling:
	ReloadAssembly (1288ms)
		BeginReloadAssembly (160ms)
			ExecutionOrderSort (0ms)
			DisableScriptedObjects (5ms)
			BackupInstance (0ms)
			ReleaseScriptingObjects (0ms)
			CreateAndSetChildDomain (39ms)
		EndReloadAssembly (992ms)
			LoadAssemblies (103ms)
			RebuildTransferFunctionScriptingTraits (0ms)
			SetupTypeCache (262ms)
			ReleaseScriptCaches (2ms)
			RebuildScriptCaches (55ms)
			SetupLoadedEditorAssemblies (519ms)
				LogAssemblyErrors (0ms)
				InitializePlatformSupportModulesInManaged (31ms)
				SetLoadedEditorAssemblies (1ms)
				RefreshPlugins (1ms)
				BeforeProcessingInitializeOnLoad (89ms)
				ProcessInitializeOnLoadAttributes (335ms)
				ProcessInitializeOnLoadMethodAttributes (44ms)
				AfterProcessingInitializeOnLoad (18ms)
				EditorAssembliesLoaded (0ms)
			ExecutionOrderSort2 (0ms)
			AwakeInstancesAfterBackupRestoration (11ms)
Platform modules already initialized, skipping
Refreshing native plugins compatible for Editor in 1.61 ms, found 2 plugins.
Preloading 0 native plugins for Editor in 0.00 ms.
Unloading 1816 Unused Serialized files (Serialized files now loaded: 0)
Unloading 123 unused Assets / (20.4 MB). Loaded Objects now: 2277.
Memory consumption went from 144.9 MB to 124.6 MB.
Total: 24.815600 ms (FindLiveObjects: 0.218300 ms CreateObjectMapping: 0.150000 ms MarkObjects: 3.111900 ms  DeleteObjects: 21.333600 ms)

AssetImportParameters requested are different than current active one (requested -> active):
  custom:video-decoder-ogg-theora: a1e56fd34408186e4bbccfd4996cb3dc -> 
  custom:container-muxer-webm: aa71ff27fc2769a1b78a27578f13a17b -> 
  custom:container-demuxer-webm: 4f35f7cbe854078d1ac9338744f61a02 -> 
  custom:video-encoder-webm-vp8: eb34c28f22e8b96e1ab97ce403110664 -> 
  custom:audio-encoder-webm-vorbis: bf7c407c2cedff20999df2af8eb42d56 -> 
  custom:framework-win-MediaFoundation: 216162199b28c13a410421893ffa2e32 -> 
  custom:container-demuxer-ogg: 62fdf1f143b41e24485cea50d1cbac27 -> 
  custom:video-decoder-webm-vp8: 9c59270c3fd7afecdb556c50c9e8de78 -> 
  custom:audio-decoder-ogg-vorbis: bf7c407c2cedff20999df2af8eb42d56 -> 
========================================================================
Received Prepare
Registering precompiled user dll's ...
Registered in 0.002978 seconds.
Begin MonoManager ReloadAssembly
Native extension for WindowsStandalone target not found
Refreshing native plugins compatible for Editor in 0.77 ms, found 2 plugins.
Preloading 0 native plugins for Editor in 0.00 ms.
Mono: successfully reloaded assembly
- Completed reload, in  1.272 seconds
Domain Reload Profiling:
	ReloadAssembly (1273ms)
		BeginReloadAssembly (166ms)
			ExecutionOrderSort (0ms)
			DisableScriptedObjects (7ms)
			BackupInstance (0ms)
			ReleaseScriptingObjects (0ms)
			CreateAndSetChildDomain (38ms)
		EndReloadAssembly (967ms)
			LoadAssemblies (106ms)
			RebuildTransferFunctionScriptingTraits (0ms)
			SetupTypeCache (238ms)
			ReleaseScriptCaches (1ms)
			RebuildScriptCaches (56ms)
			SetupLoadedEditorAssemblies (513ms)
				LogAssemblyErrors (0ms)
				InitializePlatformSupportModulesInManaged (29ms)
				SetLoadedEditorAssemblies (1ms)
				RefreshPlugins (1ms)
				BeforeProcessingInitializeOnLoad (95ms)
				ProcessInitializeOnLoadAttributes (323ms)
				ProcessInitializeOnLoadMethodAttributes (46ms)
				AfterProcessingInitializeOnLoad (19ms)
				EditorAssembliesLoaded (0ms)
			ExecutionOrderSort2 (0ms)
			AwakeInstancesAfterBackupRestoration (12ms)
Platform modules already initialized, skipping
Refreshing native plugins compatible for Editor in 1.77 ms, found 2 plugins.
Preloading 0 native plugins for Editor in 0.00 ms.
Unloading 1816 Unused Serialized files (Serialized files now loaded: 0)
Unloading 123 unused Assets / (20.5 MB). Loaded Objects now: 2280.
Memory consumption went from 145.0 MB to 124.6 MB.
Total: 24.080400 ms (FindLiveObjects: 0.424900 ms CreateObjectMapping: 0.279100 ms MarkObjects: 3.359200 ms  DeleteObjects: 20.015000 ms)

AssetImportParameters requested are different than current active one (requested -> active):
  custom:video-decoder-ogg-theora: a1e56fd34408186e4bbccfd4996cb3dc -> 
  custom:container-muxer-webm: aa71ff27fc2769a1b78a27578f13a17b -> 
  custom:container-demuxer-webm: 4f35f7cbe854078d1ac9338744f61a02 -> 
  custom:video-encoder-webm-vp8: eb34c28f22e8b96e1ab97ce403110664 -> 
  custom:audio-encoder-webm-vorbis: bf7c407c2cedff20999df2af8eb42d56 -> 
  custom:framework-win-MediaFoundation: 216162199b28c13a410421893ffa2e32 -> 
  custom:container-demuxer-ogg: 62fdf1f143b41e24485cea50d1cbac27 -> 
  custom:video-decoder-webm-vp8: 9c59270c3fd7afecdb556c50c9e8de78 -> 
  custom:audio-decoder-ogg-vorbis: bf7c407c2cedff20999df2af8eb42d56 -> 
========================================================================
Received Prepare
Registering precompiled user dll's ...
Registered in 0.002934 seconds.
Begin MonoManager ReloadAssembly
Native extension for WindowsStandalone target not found
Refreshing native plugins compatible for Editor in 0.75 ms, found 2 plugins.
Preloading 0 native plugins for Editor in 0.00 ms.
Mono: successfully reloaded assembly
- Completed reload, in  1.345 seconds
Domain Reload Profiling:
	ReloadAssembly (1346ms)
		BeginReloadAssembly (180ms)
			ExecutionOrderSort (0ms)
			DisableScriptedObjects (11ms)
			BackupInstance (0ms)
			ReleaseScriptingObjects (0ms)
			CreateAndSetChildDomain (36ms)
		EndReloadAssembly (1010ms)
			LoadAssemblies (122ms)
			RebuildTransferFunctionScriptingTraits (0ms)
			SetupTypeCache (276ms)
			ReleaseScriptCaches (1ms)
			RebuildScriptCaches (56ms)
			SetupLoadedEditorAssemblies (511ms)
				LogAssemblyErrors (0ms)
				InitializePlatformSupportModulesInManaged (23ms)
				SetLoadedEditorAssemblies (1ms)
				RefreshPlugins (1ms)
				BeforeProcessingInitializeOnLoad (85ms)
				ProcessInitializeOnLoadAttributes (334ms)
				ProcessInitializeOnLoadMethodAttributes (50ms)
				AfterProcessingInitializeOnLoad (17ms)
				EditorAssembliesLoaded (0ms)
			ExecutionOrderSort2 (0ms)
			AwakeInstancesAfterBackupRestoration (13ms)
Platform modules already initialized, skipping
Refreshing native plugins compatible for Editor in 2.93 ms, found 2 plugins.
Preloading 0 native plugins for Editor in 0.00 ms.
Unloading 1816 Unused Serialized files (Serialized files now loaded: 0)
Unloading 123 unused Assets / (20.3 MB). Loaded Objects now: 2283.
Memory consumption went from 144.9 MB to 124.6 MB.
Total: 22.990300 ms (FindLiveObjects: 0.261800 ms CreateObjectMapping: 0.117800 ms MarkObjects: 3.590200 ms  DeleteObjects: 19.018800 ms)

AssetImportParameters requested are different than current active one (requested -> active):
  custom:video-decoder-ogg-theora: a1e56fd34408186e4bbccfd4996cb3dc -> 
  custom:container-muxer-webm: aa71ff27fc2769a1b78a27578f13a17b -> 
  custom:container-demuxer-webm: 4f35f7cbe854078d1ac9338744f61a02 -> 
  custom:video-encoder-webm-vp8: eb34c28f22e8b96e1ab97ce403110664 -> 
  custom:audio-encoder-webm-vorbis: bf7c407c2cedff20999df2af8eb42d56 -> 
  custom:framework-win-MediaFoundation: 216162199b28c13a410421893ffa2e32 -> 
  custom:container-demuxer-ogg: 62fdf1f143b41e24485cea50d1cbac27 -> 
  custom:video-decoder-webm-vp8: 9c59270c3fd7afecdb556c50c9e8de78 -> 
  custom:audio-decoder-ogg-vorbis: bf7c407c2cedff20999df2af8eb42d56 -> 
========================================================================
Received Prepare
Registering precompiled user dll's ...
Registered in 0.003827 seconds.
Begin MonoManager ReloadAssembly
Native extension for WindowsStandalone target not found
Refreshing native plugins compatible for Editor in 0.70 ms, found 2 plugins.
Preloading 0 native plugins for Editor in 0.00 ms.
Mono: successfully reloaded assembly
- Completed reload, in  1.477 seconds
Domain Reload Profiling:
	ReloadAssembly (1478ms)
		BeginReloadAssembly (184ms)
			ExecutionOrderSort (0ms)
			DisableScriptedObjects (12ms)
			BackupInstance (0ms)
			ReleaseScriptingObjects (0ms)
			CreateAndSetChildDomain (35ms)
		EndReloadAssembly (1127ms)
			LoadAssemblies (118ms)
			RebuildTransferFunctionScriptingTraits (0ms)
			SetupTypeCache (275ms)
			ReleaseScriptCaches (2ms)
			RebuildScriptCaches (81ms)
			SetupLoadedEditorAssemblies (583ms)
				LogAssemblyErrors (0ms)
				InitializePlatformSupportModulesInManaged (29ms)
				SetLoadedEditorAssemblies (1ms)
				RefreshPlugins (1ms)
				BeforeProcessingInitializeOnLoad (106ms)
				ProcessInitializeOnLoadAttributes (371ms)
				ProcessInitializeOnLoadMethodAttributes (55ms)
				AfterProcessingInitializeOnLoad (21ms)
				EditorAssembliesLoaded (0ms)
			ExecutionOrderSort2 (0ms)
			AwakeInstancesAfterBackupRestoration (14ms)
Platform modules already initialized, skipping
Refreshing native plugins compatible for Editor in 1.88 ms, found 2 plugins.
Preloading 0 native plugins for Editor in 0.00 ms.
Unloading 1816 Unused Serialized files (Serialized files now loaded: 0)
Unloading 123 unused Assets / (20.3 MB). Loaded Objects now: 2286.
Memory consumption went from 144.9 MB to 124.6 MB.
Total: 23.128400 ms (FindLiveObjects: 0.354400 ms CreateObjectMapping: 0.324700 ms MarkObjects: 4.142700 ms  DeleteObjects: 18.304600 ms)

AssetImportParameters requested are different than current active one (requested -> active):
  custom:video-decoder-ogg-theora: a1e56fd34408186e4bbccfd4996cb3dc -> 
  custom:container-muxer-webm: aa71ff27fc2769a1b78a27578f13a17b -> 
  custom:container-demuxer-webm: 4f35f7cbe854078d1ac9338744f61a02 -> 
  custom:video-encoder-webm-vp8: eb34c28f22e8b96e1ab97ce403110664 -> 
  custom:audio-encoder-webm-vorbis: bf7c407c2cedff20999df2af8eb42d56 -> 
  custom:framework-win-MediaFoundation: 216162199b28c13a410421893ffa2e32 -> 
  custom:container-demuxer-ogg: 62fdf1f143b41e24485cea50d1cbac27 -> 
  custom:video-decoder-webm-vp8: 9c59270c3fd7afecdb556c50c9e8de78 -> 
  custom:audio-decoder-ogg-vorbis: bf7c407c2cedff20999df2af8eb42d56 -> 
========================================================================
Received Prepare
Registering precompiled user dll's ...
Registered in 0.002931 seconds.
Begin MonoManager ReloadAssembly
Native extension for WindowsStandalone target not found
Refreshing native plugins compatible for Editor in 0.47 ms, found 2 plugins.
Preloading 0 native plugins for Editor in 0.00 ms.
Mono: successfully reloaded assembly
- Completed reload, in  1.515 seconds
Domain Reload Profiling:
	ReloadAssembly (1516ms)
		BeginReloadAssembly (178ms)
			ExecutionOrderSort (0ms)
			DisableScriptedObjects (8ms)
			BackupInstance (0ms)
			ReleaseScriptingObjects (0ms)
			CreateAndSetChildDomain (46ms)
		EndReloadAssembly (1188ms)
			LoadAssemblies (110ms)
			RebuildTransferFunctionScriptingTraits (0ms)
			SetupTypeCache (268ms)
			ReleaseScriptCaches (1ms)
			RebuildScriptCaches (68ms)
			SetupLoadedEditorAssemblies (668ms)
				LogAssemblyErrors (0ms)
				InitializePlatformSupportModulesInManaged (22ms)
				SetLoadedEditorAssemblies (1ms)
				RefreshPlugins (1ms)
				BeforeProcessingInitializeOnLoad (80ms)
				ProcessInitializeOnLoadAttributes (468ms)
				ProcessInitializeOnLoadMethodAttributes (69ms)
				AfterProcessingInitializeOnLoad (27ms)
				EditorAssembliesLoaded (0ms)
			ExecutionOrderSort2 (0ms)
			AwakeInstancesAfterBackupRestoration (17ms)
Platform modules already initialized, skipping
Refreshing native plugins compatible for Editor in 7.01 ms, found 2 plugins.
Preloading 0 native plugins for Editor in 0.00 ms.
Unloading 1816 Unused Serialized files (Serialized files now loaded: 0)
Unloading 123 unused Assets / (20.4 MB). Loaded Objects now: 2289.
Memory consumption went from 145.0 MB to 124.6 MB.
Total: 38.365100 ms (FindLiveObjects: 0.325400 ms CreateObjectMapping: 0.127100 ms MarkObjects: 8.278800 ms  DeleteObjects: 29.631000 ms)

AssetImportParameters requested are different than current active one (requested -> active):
  custom:video-decoder-ogg-theora: a1e56fd34408186e4bbccfd4996cb3dc -> 
  custom:container-muxer-webm: aa71ff27fc2769a1b78a27578f13a17b -> 
  custom:container-demuxer-webm: 4f35f7cbe854078d1ac9338744f61a02 -> 
  custom:video-encoder-webm-vp8: eb34c28f22e8b96e1ab97ce403110664 -> 
  custom:audio-encoder-webm-vorbis: bf7c407c2cedff20999df2af8eb42d56 -> 
  custom:framework-win-MediaFoundation: 216162199b28c13a410421893ffa2e32 -> 
  custom:container-demuxer-ogg: 62fdf1f143b41e24485cea50d1cbac27 -> 
  custom:video-decoder-webm-vp8: 9c59270c3fd7afecdb556c50c9e8de78 -> 
  custom:audio-decoder-ogg-vorbis: bf7c407c2cedff20999df2af8eb42d56 -> 
========================================================================
Received Import Request.
  Time since last request: 655.806747 seconds.
  path: Assets/Scenes/New Folder
  artifactKey: Guid(eb3488cfaef93b8448acb513e064788b) Importer(815301076,1909f56bfc062723c751e8b465ee728b)
Start importing Assets/Scenes/New Folder using Guid(eb3488cfaef93b8448acb513e064788b) Importer(815301076,1909f56bfc062723c751e8b465ee728b)  -> (artifact id: 'f66f989b80fc54ce1089c1f0615717cc') in 0.008580 seconds 
========================================================================
Received Import Request.
  Time since last request: 49.217051 seconds.
  path: Assets/materil
  artifactKey: Guid(8f3a952b704154140a0d33e6212a5aa8) Importer(815301076,1909f56bfc062723c751e8b465ee728b)
Start importing Assets/materil using Guid(8f3a952b704154140a0d33e6212a5aa8) Importer(815301076,1909f56bfc062723c751e8b465ee728b)  -> (artifact id: '4ed756a3a1f2c4367b2c224ec5551e84') in 0.002593 seconds 
========================================================================
Received Import Request.
  Time since last request: 24.954145 seconds.
  path: Assets/Materials
  artifactKey: Guid(8f3a952b704154140a0d33e6212a5aa8) Importer(815301076,1909f56bfc062723c751e8b465ee728b)
Start importing Assets/Materials using Guid(8f3a952b704154140a0d33e6212a5aa8) Importer(815301076,1909f56bfc062723c751e8b465ee728b)  -> (artifact id: '9f0b83669c27108c89026698eff8ca4c') in 0.001661 seconds 
========================================================================
Received Import Request.
  Time since last request: 16.518584 seconds.
  path: Assets/Materials/Scene3_wall.mat
  artifactKey: Guid(45775ef039ee952468f3d8efb416c16d) Importer(815301076,1909f56bfc062723c751e8b465ee728b)
Start importing Assets/Materials/Scene3_wall.mat using Guid(45775ef039ee952468f3d8efb416c16d) Importer(815301076,1909f56bfc062723c751e8b465ee728b)  -> (artifact id: 'bdb278b3bd5927b0fe3c710327bc8981') in 0.102710 seconds 
========================================================================
Received Import Request.
  Time since last request: 260.762508 seconds.
  path: Assets/Materials/Scene3_wall.mat
  artifactKey: Guid(45775ef039ee952468f3d8efb416c16d) Importer(815301076,1909f56bfc062723c751e8b465ee728b)
Start importing Assets/Materials/Scene3_wall.mat using Guid(45775ef039ee952468f3d8efb416c16d) Importer(815301076,1909f56bfc062723c751e8b465ee728b)  -> (artifact id: '99d49734ce90182893431e7a2d285fd1') in 0.015959 seconds 
